2025-09-02 07:55:34,612 [INFO] Activator:176 - 


2025-09-02 07:55:34,614 [INFO] Activator:177 - !SESSION log4j initialized
2025-09-02 07:55:38,866 [INFO] LogOutputStream:77 - [STDOUT_REDIRECT] 
2025-09-02 07:55:41,994 [INFO] ApplicationProperties:184 - Using Application install path: C:\ST\STM32CubeIDE_1.19.0\STM32CubeIDE\plugins\com.st.stm32cube.common.mx_6.15.0.202507011659
2025-09-02 07:55:42,007 [INFO] DbMcusXml:78 - Set database path to: C:\ST\STM32CubeIDE_1.19.0\STM32CubeIDE\plugins\com.st.stm32cube.common.mx_6.15.0.202507011659\\db\/mcu/
2025-09-02 07:55:42,007 [INFO] ApiDb:274 - Set plugin database path to: C:\ST\STM32CubeIDE_1.19.0\STM32CubeIDE\plugins\com.st.stm32cube.common.mx_6.15.0.202507011659\\db\/plugins/boardmanager/
2025-09-02 07:55:42,008 [WARN] ApiDb:259 - Overriding images path with different value:  => C:\ST\STM32CubeIDE_1.19.0\STM32CubeIDE\plugins\com.st.stm32cube.common.mx_6.15.0.202507011659\\db\/plugins/mcufinder/images/
2025-09-02 07:55:43,495 [WARN] ApiFinderProperties:113 - C:\Users\erol_\.stmcufinder\plugins\mcufinder\mcu\mcuFinder.mfd doesn't exist
2025-09-02 07:55:43,496 [INFO] ApiDb:250 - Set database path to: C:\Users\erol_\.stmcufinder\plugins\mcufinder//mcu/
2025-09-02 07:55:43,497 [INFO] DbMcusAds:125 - Set database path to: C:\Users\erol_\.stmcufinder\plugins\mcufinder//mcu/
2025-09-02 07:55:43,499 [INFO] CrossReferenceDbSqlite:203 - Set database path to: C:\Users\erol_\.stmcufinder\plugins\mcufinder//mcu/cs/
2025-09-02 07:55:43,625 [INFO] RulesReader:64 - Compatibility file has been processed (317 Rules)
2025-09-02 07:55:43,713 [INFO] DbMcusXml:78 - Set database path to: C:\ST\STM32CubeIDE_1.19.0\STM32CubeIDE\plugins\com.st.stm32cube.common.mx_6.15.0.202507011659\\db\/mcu/
2025-09-02 07:55:43,714 [INFO] ApiDb:274 - Set plugin database path to: C:\ST\STM32CubeIDE_1.19.0\STM32CubeIDE\plugins\com.st.stm32cube.common.mx_6.15.0.202507011659\\db\/plugins/boardmanager/
2025-09-02 07:55:43,714 [INFO] ApiDb:261 - Set plugin images path to: C:\ST\STM32CubeIDE_1.19.0\STM32CubeIDE\plugins\com.st.stm32cube.common.mx_6.15.0.202507011659\\db\/plugins/mcufinder/images/
2025-09-02 07:55:43,714 [WARN] DbFile:41 - Overriding database path with different value: C:\Users\erol_\.stmcufinder\plugins\mcufinder/ => C:\Users\erol_\.stmcufinder\plugins\mcufinder
2025-09-02 07:55:43,714 [INFO] ApiDb:250 - Set database path to: C:\Users\erol_\.stmcufinder\plugins\mcufinder//mcu/
2025-09-02 07:55:43,714 [WARN] DbFile:41 - Overriding database path with different value: C:\Users\erol_\.stmcufinder\plugins\mcufinder/ => C:\Users\erol_\.stmcufinder\plugins\mcufinder
2025-09-02 07:55:43,714 [INFO] DbMcusAds:125 - Set database path to: C:\Users\erol_\.stmcufinder\plugins\mcufinder//mcu/
2025-09-02 07:55:43,714 [WARN] DbFile:41 - Overriding database path with different value: C:\Users\erol_\.stmcufinder\plugins\mcufinder/ => C:\Users\erol_\.stmcufinder\plugins\mcufinder
2025-09-02 07:55:43,714 [WARN] DbFile:41 - Overriding database path with different value: C:\Users\erol_\.stmcufinder\plugins\mcufinder/ => C:\Users\erol_\.stmcufinder\plugins\mcufinder
2025-09-02 07:55:43,715 [INFO] CrossReferenceDbSqlite:203 - Set database path to: C:\Users\erol_\.stmcufinder\plugins\mcufinder//mcu/cs/
2025-09-02 07:55:43,779 [INFO] MainPanel:274 - HeapMemory: 268435456
2025-09-02 07:55:43,850 [INFO] DbMcusXml:78 - Set database path to: C:\ST\STM32CubeIDE_1.19.0\STM32CubeIDE\plugins\com.st.stm32cube.common.mx_6.15.0.202507011659\\db\/mcu/
2025-09-02 07:55:43,850 [INFO] ApiDb:274 - Set plugin database path to: C:\ST\STM32CubeIDE_1.19.0\STM32CubeIDE\plugins\com.st.stm32cube.common.mx_6.15.0.202507011659\\db\/plugins/boardmanager/
2025-09-02 07:55:43,852 [INFO] ApiDb:261 - Set plugin images path to: C:\ST\STM32CubeIDE_1.19.0\STM32CubeIDE\plugins\com.st.stm32cube.common.mx_6.15.0.202507011659\\db\/plugins/mcufinder/images/
2025-09-02 07:55:43,852 [WARN] DbFile:41 - Overriding database path with different value: C:\Users\erol_\.stmcufinder\plugins\mcufinder/ => C:\Users\erol_\.stmcufinder\plugins\mcufinder
2025-09-02 07:55:43,852 [INFO] ApiDb:250 - Set database path to: C:\Users\erol_\.stmcufinder\plugins\mcufinder//mcu/
2025-09-02 07:55:43,852 [WARN] DbFile:41 - Overriding database path with different value: C:\Users\erol_\.stmcufinder\plugins\mcufinder/ => C:\Users\erol_\.stmcufinder\plugins\mcufinder
2025-09-02 07:55:43,852 [INFO] DbMcusAds:125 - Set database path to: C:\Users\erol_\.stmcufinder\plugins\mcufinder//mcu/
2025-09-02 07:55:43,852 [WARN] DbFile:41 - Overriding database path with different value: C:\Users\erol_\.stmcufinder\plugins\mcufinder/ => C:\Users\erol_\.stmcufinder\plugins\mcufinder
2025-09-02 07:55:43,852 [WARN] DbFile:41 - Overriding database path with different value: C:\Users\erol_\.stmcufinder\plugins\mcufinder/ => C:\Users\erol_\.stmcufinder\plugins\mcufinder
2025-09-02 07:55:43,852 [INFO] CrossReferenceDbSqlite:203 - Set database path to: C:\Users\erol_\.stmcufinder\plugins\mcufinder//mcu/cs/
2025-09-02 07:55:43,869 [INFO] ApplicationProperties:184 - Using Application install path: C:\ST\STM32CubeIDE_1.19.0\STM32CubeIDE\plugins\com.st.stm32cube.common.mx_6.15.0.202507011659
2025-09-02 07:55:43,870 [INFO] PluginManage:196 - Search for loadable plugins [exclusion list=, ]
2025-09-02 07:55:43,871 [INFO] PluginManage:310 - Check plugin analytics
2025-09-02 07:55:44,089 [INFO] AnalyticsPlugin:253 - Accepted Software Licenses: 
2025-09-02 07:55:44,090 [INFO] AnalyticsPlugin:255 - Accepted CMSIS Pack Licenses: 
2025-09-02 07:55:44,090 [INFO] AnalyticsPlugin:257 - Accepted Firmware Licenses: 
2025-09-02 07:55:44,097 [INFO] PluginManage:359 - Loaded plugin analytics (category:tool,tabindex:-1)
2025-09-02 07:55:44,098 [INFO] PluginManage:310 - Check plugin cadmodel
2025-09-02 07:55:44,122 [INFO] CADModel:105 - Init CAD model plugin
2025-09-02 07:55:44,123 [INFO] PluginManage:359 - Loaded plugin cadmodel (category:power,tabindex:5)
2025-09-02 07:55:44,123 [INFO] PluginManage:310 - Check plugin clock
2025-09-02 07:55:44,148 [INFO] PluginManage:359 - Loaded plugin clock (category:base,tabindex:2)
2025-09-02 07:55:44,148 [INFO] PluginManage:310 - Check plugin ddr
2025-09-02 07:55:44,164 [INFO] PluginManage:359 - Loaded plugin ddr (category:tool,tabindex:6)
2025-09-02 07:55:44,164 [INFO] PluginManage:310 - Check plugin filemanager
2025-09-02 07:55:44,397 [INFO] PluginManage:359 - Loaded plugin filemanager (category:base,tabindex:10)
2025-09-02 07:55:44,397 [INFO] PluginManage:310 - Check plugin ipmanager
2025-09-02 07:55:44,406 [INFO] PluginManage:359 - Loaded plugin ipmanager (category:base,tabindex:5)
2025-09-02 07:55:44,406 [INFO] PluginManage:310 - Check plugin lpbam
2025-09-02 07:55:44,429 [INFO] PluginManage:359 - Loaded plugin lpbam (category:base,tabindex:0)
2025-09-02 07:55:44,429 [INFO] PluginManage:310 - Check plugin memorymap
2025-09-02 07:55:44,451 [INFO] PluginManage:359 - Loaded plugin memorymap (category:base,tabindex:4)
2025-09-02 07:55:44,451 [INFO] PluginManage:310 - Check plugin pinoutandconfiguration
2025-09-02 07:55:44,471 [INFO] PluginManage:359 - Loaded plugin pinoutandconfiguration (category:base,tabindex:1)
2025-09-02 07:55:44,471 [INFO] PluginManage:310 - Check plugin pinoutconfig
2025-09-02 07:55:44,570 [WARN] SupportedApi:132 - Cannot load RTOS API schema: s4s-elt-must-match.1: The content of 'definitions' must match (annotation?, (simpleType | complexType)?, (unique | key | keyref)*)). A problem was found starting at: attribute.
2025-09-02 07:55:44,688 [INFO] PluginManage:359 - Loaded plugin pinoutconfig (category:base,tabindex:0)
2025-09-02 07:55:44,688 [INFO] PluginManage:310 - Check plugin power
2025-09-02 07:55:44,709 [INFO] PluginManage:359 - Loaded plugin power (category:power,tabindex:4)
2025-09-02 07:55:44,709 [INFO] PluginManage:310 - Check plugin projectmanager
2025-09-02 07:55:44,724 [INFO] PluginManage:359 - Loaded plugin projectmanager (category:projectmanager,tabindex:4)
2025-09-02 07:55:44,724 [INFO] PluginManage:310 - Check plugin rif
2025-09-02 07:55:44,744 [INFO] PluginManage:359 - Loaded plugin rif (category:base,tabindex:3)
2025-09-02 07:55:44,744 [INFO] PluginManage:310 - Check plugin thirdparty
2025-09-02 07:55:45,057 [INFO] PluginManage:359 - Loaded plugin thirdparty (category:base,tabindex:-1)
2025-09-02 07:55:45,058 [INFO] PluginManage:310 - Check plugin tools
2025-09-02 07:55:45,057 [WARN] IntegrityCheckThread:84 - waiting for thirdparty lock release [integrity check]
2025-09-02 07:55:45,058 [INFO] IntegrityCheckThread:86 - entering critical section [integrity check]
2025-09-02 07:55:45,058 [INFO] ThirdPartyUpdaterWithRetryManager:70 - Updater plugin not ready yet. [1/15]
2025-09-02 07:55:45,106 [INFO] PluginManage:359 - Loaded plugin tools (category:base,tabindex:7)
2025-09-02 07:55:45,106 [INFO] PluginManage:310 - Check plugin tutovideos
2025-09-02 07:55:45,297 [INFO] PluginManage:359 - Loaded plugin tutovideos (category:base,tabindex:-1)
2025-09-02 07:55:45,298 [INFO] PluginManage:310 - Check plugin updater
2025-09-02 07:55:45,327 [INFO] PluginManage:359 - Loaded plugin updater (category:base,tabindex:12)
2025-09-02 07:55:45,327 [INFO] PluginManage:310 - Check plugin userauth
2025-09-02 07:55:45,332 [INFO] UserAuth:118 - Init User Auth plugin
2025-09-02 07:55:45,333 [INFO] PluginManage:359 - Loaded plugin userauth (category:base,tabindex:14)
2025-09-02 07:55:45,334 [INFO] PluginManage:283 - PluginManage : Loaded plugins [18]
2025-09-02 07:55:45,564 [INFO] PinOutPanel:1589 - setPackage(No Configuration,No Configuration)
2025-09-02 07:55:45,657 [INFO] CADModel:165 - CPN selected for project level
2025-09-02 07:55:45,657 [INFO] CADModel:114 - Register for checkConnection events
2025-09-02 07:55:45,699 [INFO] IPUIPlugin:80 - create IPUIPlugin
2025-09-02 07:55:45,700 [INFO] PluginManager:220 - loadIPPluginJar : add adc
2025-09-02 07:55:45,761 [INFO] IPUIPlugin:80 - create IPUIPlugin
2025-09-02 07:55:45,762 [INFO] PluginManager:220 - loadIPPluginJar : add aes
2025-09-02 07:55:45,822 [INFO] IPUIPlugin:80 - create IPUIPlugin
2025-09-02 07:55:45,822 [INFO] PluginManager:220 - loadIPPluginJar : add can
2025-09-02 07:55:45,856 [INFO] IPUIPlugin:80 - create IPUIPlugin
2025-09-02 07:55:45,856 [INFO] PluginManager:220 - loadIPPluginJar : add comp
2025-09-02 07:55:45,898 [INFO] IPUIPlugin:80 - create IPUIPlugin
2025-09-02 07:55:45,898 [INFO] PluginManager:220 - loadIPPluginJar : add cryp
2025-09-02 07:55:45,912 [INFO] IPUIPlugin:80 - create IPUIPlugin
2025-09-02 07:55:45,912 [INFO] PluginManager:220 - loadIPPluginJar : add ddr_ctrl_phy
2025-09-02 07:55:45,954 [INFO] IPUIPlugin:80 - create IPUIPlugin
2025-09-02 07:55:45,954 [INFO] PluginManager:220 - loadIPPluginJar : add dfsdm
2025-09-02 07:55:45,971 [INFO] IPUIPlugin:80 - create IPUIPlugin
2025-09-02 07:55:45,971 [INFO] PluginManager:220 - loadIPPluginJar : add dma
2025-09-02 07:55:46,014 [INFO] IPUIPlugin:80 - create IPUIPlugin
2025-09-02 07:55:46,014 [INFO] PluginManager:220 - loadIPPluginJar : add dma3
2025-09-02 07:55:46,068 [INFO] IPUIPlugin:80 - create IPUIPlugin
2025-09-02 07:55:46,068 [INFO] PluginManager:220 - loadIPPluginJar : add extmemmanager
2025-09-02 07:55:46,092 [INFO] IPUIPlugin:80 - create IPUIPlugin
2025-09-02 07:55:46,092 [INFO] PluginManager:220 - loadIPPluginJar : add fatfs
2025-09-02 07:55:46,141 [INFO] IPUIPlugin:80 - create IPUIPlugin
2025-09-02 07:55:46,142 [INFO] PluginManager:220 - loadIPPluginJar : add fmc
2025-09-02 07:55:46,156 [INFO] IPUIPlugin:80 - create IPUIPlugin
2025-09-02 07:55:46,156 [INFO] PluginManager:220 - loadIPPluginJar : add freertos
2025-09-02 07:55:46,178 [INFO] IPUIPlugin:80 - create IPUIPlugin
2025-09-02 07:55:46,178 [INFO] PluginManager:220 - loadIPPluginJar : add genericplugin
2025-09-02 07:55:46,304 [INFO] IPUIPlugin:80 - create IPUIPlugin
2025-09-02 07:55:46,305 [INFO] PluginManager:220 - loadIPPluginJar : add gfxmmu
2025-09-02 07:55:46,431 [INFO] IPUIPlugin:80 - create IPUIPlugin
2025-09-02 07:55:46,432 [INFO] PluginManager:220 - loadIPPluginJar : add gic
2025-09-02 07:55:46,444 [INFO] IPUIPlugin:80 - create IPUIPlugin
2025-09-02 07:55:46,444 [INFO] PluginManager:220 - loadIPPluginJar : add gpio
2025-09-02 07:55:46,526 [INFO] IPUIPlugin:80 - create IPUIPlugin
2025-09-02 07:55:46,527 [INFO] PluginManager:220 - loadIPPluginJar : add gtzc
2025-09-02 07:55:46,565 [INFO] IPUIPlugin:80 - create IPUIPlugin
2025-09-02 07:55:46,565 [INFO] PluginManager:220 - loadIPPluginJar : add hash
2025-09-02 07:55:46,612 [INFO] IPUIPlugin:80 - create IPUIPlugin
2025-09-02 07:55:46,613 [INFO] PluginManager:220 - loadIPPluginJar : add i2c
2025-09-02 07:55:46,648 [INFO] IPUIPlugin:80 - create IPUIPlugin
2025-09-02 07:55:46,648 [INFO] PluginManager:220 - loadIPPluginJar : add i2s
2025-09-02 07:55:46,687 [INFO] IPUIPlugin:80 - create IPUIPlugin
2025-09-02 07:55:46,687 [INFO] PluginManager:220 - loadIPPluginJar : add i3c
2025-09-02 07:55:46,787 [INFO] IPUIPlugin:80 - create IPUIPlugin
2025-09-02 07:55:46,787 [INFO] PluginManager:220 - loadIPPluginJar : add ipddr
2025-09-02 07:55:46,889 [INFO] IPUIPlugin:80 - create IPUIPlugin
2025-09-02 07:55:46,890 [INFO] PluginManager:220 - loadIPPluginJar : add linkedlist
2025-09-02 07:55:46,926 [INFO] IPUIPlugin:80 - create IPUIPlugin
2025-09-02 07:55:46,926 [INFO] PluginManager:220 - loadIPPluginJar : add lorawan
2025-09-02 07:55:46,967 [INFO] IPUIPlugin:80 - create IPUIPlugin
2025-09-02 07:55:46,967 [INFO] PluginManager:220 - loadIPPluginJar : add ltdc
2025-09-02 07:55:46,983 [INFO] IPUIPlugin:80 - create IPUIPlugin
2025-09-02 07:55:46,983 [INFO] PluginManager:220 - loadIPPluginJar : add mdma
2025-09-02 07:55:46,999 [INFO] IPUIPlugin:80 - create IPUIPlugin
2025-09-02 07:55:46,999 [INFO] PluginManager:220 - loadIPPluginJar : add nvic
2025-09-02 07:55:47,046 [INFO] IPUIPlugin:80 - create IPUIPlugin
2025-09-02 07:55:47,046 [INFO] PluginManager:220 - loadIPPluginJar : add opamp
2025-09-02 07:55:47,131 [INFO] IPUIPlugin:80 - create IPUIPlugin
2025-09-02 07:55:47,131 [INFO] PluginManager:220 - loadIPPluginJar : add openamp
2025-09-02 07:55:47,197 [INFO] IPUIPlugin:80 - create IPUIPlugin
2025-09-02 07:55:47,197 [INFO] PluginManager:220 - loadIPPluginJar : add pdm2pcm
2025-09-02 07:55:47,214 [INFO] IPUIPlugin:80 - create IPUIPlugin
2025-09-02 07:55:47,216 [INFO] PluginManager:220 - loadIPPluginJar : add plateformsettings
2025-09-02 07:55:47,243 [INFO] IPUIPlugin:80 - create IPUIPlugin
2025-09-02 07:55:47,243 [INFO] PluginManager:220 - loadIPPluginJar : add quadspi
2025-09-02 07:55:47,275 [INFO] IPUIPlugin:80 - create IPUIPlugin
2025-09-02 07:55:47,276 [INFO] PluginManager:220 - loadIPPluginJar : add radio
2025-09-02 07:55:47,294 [INFO] IPUIPlugin:80 - create IPUIPlugin
2025-09-02 07:55:47,294 [INFO] PluginManager:220 - loadIPPluginJar : add resmgrutility
2025-09-02 07:55:47,371 [INFO] IPUIPlugin:80 - create IPUIPlugin
2025-09-02 07:55:47,371 [INFO] PluginManager:220 - loadIPPluginJar : add sai
2025-09-02 07:55:47,418 [INFO] IPUIPlugin:80 - create IPUIPlugin
2025-09-02 07:55:47,418 [INFO] PluginManager:220 - loadIPPluginJar : add spi
2025-09-02 07:55:47,507 [INFO] IPUIPlugin:80 - create IPUIPlugin
2025-09-02 07:55:47,507 [INFO] PluginManager:220 - loadIPPluginJar : add stm32_wpan
2025-09-02 07:55:47,537 [INFO] IPUIPlugin:80 - create IPUIPlugin
2025-09-02 07:55:47,537 [INFO] PluginManager:220 - loadIPPluginJar : add tim
2025-09-02 07:55:47,622 [INFO] IPUIPlugin:80 - create IPUIPlugin
2025-09-02 07:55:47,622 [INFO] PluginManager:220 - loadIPPluginJar : add touchsensing
2025-09-02 07:55:47,652 [INFO] IPUIPlugin:80 - create IPUIPlugin
2025-09-02 07:55:47,652 [INFO] PluginManager:220 - loadIPPluginJar : add tracer_emb
2025-09-02 07:55:47,683 [INFO] IPUIPlugin:80 - create IPUIPlugin
2025-09-02 07:55:47,683 [INFO] PluginManager:220 - loadIPPluginJar : add ts
2025-09-02 07:55:47,714 [INFO] IPUIPlugin:80 - create IPUIPlugin
2025-09-02 07:55:47,714 [INFO] PluginManager:220 - loadIPPluginJar : add tsc
2025-09-02 07:55:47,745 [INFO] IPUIPlugin:80 - create IPUIPlugin
2025-09-02 07:55:47,745 [INFO] PluginManager:220 - loadIPPluginJar : add ucpd
2025-09-02 07:55:47,800 [INFO] IPUIPlugin:80 - create IPUIPlugin
2025-09-02 07:55:47,800 [INFO] PluginManager:220 - loadIPPluginJar : add usart
2025-09-02 07:55:47,856 [INFO] IPUIPlugin:80 - create IPUIPlugin
2025-09-02 07:55:47,856 [INFO] PluginManager:220 - loadIPPluginJar : add usbx
2025-09-02 07:55:47,980 [FATAL] Updater:351 - Updater called before beeing initialized
2025-09-02 07:55:48,004 [INFO] RulesReader:64 - Compatibility file has been processed (317 Rules)
2025-09-02 07:55:48,020 [INFO] RulesReader:64 - Compatibility file has been processed (317 Rules)
2025-09-02 07:55:48,031 [INFO] CADModel:165 - CPN selected for project level
2025-09-02 07:55:48,031 [INFO] CADModel:114 - Register for checkConnection events
2025-09-02 07:55:48,031 [FATAL] Updater:351 - Updater called before beeing initialized
2025-09-02 07:55:48,031 [ERROR] CADModel:125 - Updater not yet initialized, retry later 
2025-09-02 07:55:48,060 [INFO] ThirdPartyUpdaterWithRetryManager:70 - Updater plugin not ready yet. [2/15]
2025-09-02 07:55:48,193 [FATAL] Updater:351 - Updater called before beeing initialized
2025-09-02 07:55:48,194 [INFO] CADModel:165 - CPN selected for project level
2025-09-02 07:55:48,195 [INFO] CADModel:114 - Register for checkConnection events
2025-09-02 07:55:48,195 [FATAL] Updater:351 - Updater called before beeing initialized
2025-09-02 07:55:48,195 [ERROR] CADModel:125 - Updater not yet initialized, retry later 
2025-09-02 07:55:48,198 [FATAL] Updater:351 - Updater called before beeing initialized
2025-09-02 07:55:48,310 [FATAL] Updater:351 - Updater called before beeing initialized
2025-09-02 07:55:48,323 [INFO] DbMcusAds:53 - JSON generation date=Thu Sep 30 08:55:09 CEST 2021 (1632984909247)
2025-09-02 07:55:48,323 [FATAL] Updater:351 - Updater called before beeing initialized
2025-09-02 07:55:48,361 [WARN] DetailPanel:346 - Failed to get advertising image, set to default
2025-09-02 07:55:48,437 [FATAL] Updater:351 - Updater called before beeing initialized
2025-09-02 07:55:48,439 [FATAL] Updater:351 - Updater called before beeing initialized
2025-09-02 07:55:48,439 [FATAL] Updater:351 - Updater called before beeing initialized
2025-09-02 07:55:48,439 [WARN] DetailPanel:346 - Failed to get advertising image, set to default
2025-09-02 07:55:48,440 [FATAL] Updater:351 - Updater called before beeing initialized
2025-09-02 07:55:48,500 [ERROR] Updater:1198 - MainUpdater not yet initialized. External WinMGr cannot be set.
2025-09-02 07:55:48,511 [INFO] Updater:1134 - Updater Version found : 6.15.0
2025-09-02 07:55:48,524 [INFO] ApplicationProperties:184 - Using Application install path: C:\ST\STM32CubeIDE_1.19.0\STM32CubeIDE\plugins\com.st.stm32cube.common.mx_6.15.0.202507011659
2025-09-02 07:55:50,092 [ERROR] LogOutputStream:75 - [STDERR_REDIRECT] Sep 02, 2025 7:55:50 AM java.util.prefs.WindowsPreferences <init>
2025-09-02 07:55:50,094 [ERROR] LogOutputStream:75 - [STDERR_REDIRECT] WARNING: Could not open/create prefs root node Software\JavaSoft\Prefs at root 0xffffffff80000002. Windows RegCreateKeyEx(...) returned error code 5.
2025-09-02 07:55:50,094 [ERROR] LogOutputStream:75 - [STDERR_REDIRECT] 
2025-09-02 07:55:50,125 [INFO] MainUpdater:525 - Copy updater definitions from MX database
2025-09-02 07:55:50,169 [INFO] MainUpdater:558 - Copy flag file definitions from MX database
2025-09-02 07:55:50,171 [INFO] MainUpdater:574 - Copy thirdparty index definitions from MX database
2025-09-02 07:55:50,172 [INFO] MainUpdater:593 - Copy default thirdparty db definitions from MX database
2025-09-02 07:55:50,487 [INFO] MainUpdater:2872 - connection check result : 10
2025-09-02 07:55:50,487 [INFO] MainUpdater:3604 - Updater definition file requires update
2025-09-02 07:55:50,488 [INFO] MainUpdater:289 - Updater Check For Update Now.
2025-09-02 07:55:50,488 [INFO] MicroXplorer:498 - Change Database Version : DB.6.0.150
2025-09-02 07:55:50,506 [INFO] McuFinderGlobals:63 - Set McuFinder mode to 2 (CubeIDE integrated)
2025-09-02 07:55:50,506 [INFO] UserAuth:171 - activating auth plugin
2025-09-02 07:55:50,508 [INFO] UserAuth:487 - Internet connection configuration mode: 1
2025-09-02 07:55:50,530 [INFO] JxBrowserEngine:152 - Initiate JxBrowser Engine with user profile folder
2025-09-02 07:55:50,607 [INFO] ServerAccessManage:452 - Complete download http(s) 200
2025-09-02 07:55:50,608 [INFO] ServerAccessManage:509 - Download File updaters.zip
2025-09-02 07:55:50,753 [INFO] FileExtend:248 - Unzip File : updaters.zip
2025-09-02 07:55:50,754 [INFO] FileExtend:263 - Standard Zip Deflate
2025-09-02 07:55:51,066 [WARN] MainUpdater:1193 - Updater busy. Cannot search thirdparties
2025-09-02 07:55:51,067 [INFO] ThirdPartyUpdaterWithRetryManager:96 - Updater plugin is busy. [1/15]
2025-09-02 07:55:51,598 [INFO] ServerAccessManage:452 - Complete download http(s) 200
2025-09-02 07:55:51,599 [INFO] ServerAccessManage:509 - Download File PacksControlFlags.xml
2025-09-02 07:55:51,717 [INFO] ServerAccessManage:452 - Complete download http(s) 200
2025-09-02 07:55:51,717 [INFO] ServerAccessManage:509 - Download File cubemx.pidx
2025-09-02 07:55:51,929 [INFO] ServerAccessManage:452 - Complete download http(s) 200
2025-09-02 07:55:51,930 [INFO] ServerAccessManage:509 - Download File STMicroelectronics.FP-ATR-ASTRA1.pdsc
2025-09-02 07:55:52,336 [INFO] ServerAccessManage:452 - Complete download http(s) 200
2025-09-02 07:55:52,337 [INFO] ServerAccessManage:509 - Download File STMicroelectronics.FP-ATR-SIGFOX1.pdsc
2025-09-02 07:55:52,516 [INFO] ServerAccessManage:452 - Complete download http(s) 200
2025-09-02 07:55:52,516 [INFO] ServerAccessManage:509 - Download File STMicroelectronics.FP-SNS-STBOX1.pdsc
2025-09-02 07:55:52,854 [INFO] ServerAccessManage:452 - Complete download http(s) 200
2025-09-02 07:55:52,855 [INFO] ServerAccessManage:509 - Download File STMicroelectronics.FP-SNS-FLIGHT1.pdsc
2025-09-02 07:55:53,484 [INFO] ServerAccessManage:452 - Complete download http(s) 200
2025-09-02 07:55:53,484 [INFO] ServerAccessManage:509 - Download File STMicroelectronics.FP-SNS-MOTENV1.pdsc
2025-09-02 07:55:53,857 [INFO] ServerAccessManage:452 - Complete download http(s) 200
2025-09-02 07:55:53,857 [INFO] ServerAccessManage:509 - Download File STMicroelectronics.FP-SNS-MOTENVWB1.pdsc
2025-09-02 07:55:54,068 [WARN] MainUpdater:1193 - Updater busy. Cannot search thirdparties
2025-09-02 07:55:54,068 [INFO] ThirdPartyUpdaterWithRetryManager:96 - Updater plugin is busy. [2/15]
2025-09-02 07:55:54,115 [INFO] ServerAccessManage:452 - Complete download http(s) 200
2025-09-02 07:55:54,115 [INFO] ServerAccessManage:509 - Download File STMicroelectronics.FP-SNS-SMARTAG2.pdsc
2025-09-02 07:55:54,267 [INFO] ServerAccessManage:452 - Complete download http(s) 200
2025-09-02 07:55:54,267 [INFO] ServerAccessManage:509 - Download File STMicroelectronics.FP-SNS-STAIOTCFT.pdsc
2025-09-02 07:55:54,426 [INFO] ServerAccessManage:452 - Complete download http(s) 200
2025-09-02 07:55:54,426 [INFO] ServerAccessManage:509 - Download File STMicroelectronics.X-CUBE-AI.pdsc
2025-09-02 07:55:55,508 [INFO] WebApp:169 - Instantiating new browser for Auth
2025-09-02 07:55:55,685 [INFO] ServerAccessManage:452 - Complete download http(s) 200
2025-09-02 07:55:55,686 [INFO] ServerAccessManage:509 - Download File STMicroelectronics.X-CUBE-ALS.pdsc
2025-09-02 07:55:55,994 [INFO] ServerAccessManage:452 - Complete download http(s) 200
2025-09-02 07:55:55,994 [INFO] ServerAccessManage:509 - Download File STMicroelectronics.X-CUBE-BLE1.pdsc
2025-09-02 07:55:56,204 [INFO] WebApp:463 - Apply proxy settings
2025-09-02 07:55:56,205 [INFO] WebApp:548 - Chromium requires no authentication
2025-09-02 07:55:56,216 [INFO] WebApp:491 - Direct internet connection detected
2025-09-02 07:55:56,247 [INFO] WebApp:900 - Register for checkConnection events
2025-09-02 07:55:56,248 [INFO] WebApp:463 - Apply proxy settings
2025-09-02 07:55:56,248 [INFO] WebApp:548 - Chromium requires no authentication
2025-09-02 07:55:56,248 [INFO] WebApp:491 - Direct internet connection detected
2025-09-02 07:55:56,466 [INFO] WebApp:191 - Connection restablished
2025-09-02 07:55:56,501 [INFO] WebApp:225 - Starting web application
2025-09-02 07:55:56,501 [INFO] WebApp:593 - Web application path used C:\ST\STM32CubeIDE_1.19.0\STM32CubeIDE\plugins\com.st.stm32cube.common.mx_6.15.0.202507011659\db\plugins\mcufinder\reactClient1\index.html
2025-09-02 07:55:56,825 [ERROR] LogOutputStream:75 - [STDERR_REDIRECT] [Fatal Error] :1:1: Premature end of file.
2025-09-02 07:55:56,826 [ERROR] LogOutputStream:75 - [STDERR_REDIRECT] 
2025-09-02 07:55:57,068 [WARN] MainUpdater:1193 - Updater busy. Cannot search thirdparties
2025-09-02 07:55:57,068 [INFO] ThirdPartyUpdaterWithRetryManager:96 - Updater plugin is busy. [3/15]
2025-09-02 07:55:57,266 [ERROR] ServerAccessManage:1212 - Problem, file not found on Server
2025-09-02 07:55:57,381 [INFO] ServerAccessManage:452 - Complete download http(s) 200
2025-09-02 07:55:57,382 [INFO] ServerAccessManage:509 - Download File STMicroelectronics.X-CUBE-BLE2.pdsc
2025-09-02 07:55:57,768 [ERROR] LogOutputStream:75 - [STDERR_REDIRECT] [Fatal Error] :1:1: Premature end of file.
2025-09-02 07:55:57,769 [ERROR] LogOutputStream:75 - [STDERR_REDIRECT] 
2025-09-02 07:55:57,999 [INFO] ServerAccessManage:452 - Complete download http(s) 200
2025-09-02 07:55:57,999 [INFO] ServerAccessManage:509 - Download File STMicroelectronics.X-CUBE-BLEMGR.pdsc
2025-09-02 07:55:58,307 [ERROR] ServerAccessManage:1212 - Problem, file not found on Server
2025-09-02 07:55:58,754 [INFO] ServerAccessManage:452 - Complete download http(s) 200
2025-09-02 07:55:58,754 [INFO] ServerAccessManage:509 - Download File STMicroelectronics.X-CUBE-DISPLAY.pdsc
2025-09-02 07:55:58,768 [ERROR] LogOutputStream:75 - [STDERR_REDIRECT] [Fatal Error] :1:1: Premature end of file.
2025-09-02 07:55:58,768 [ERROR] LogOutputStream:75 - [STDERR_REDIRECT] 
2025-09-02 07:55:59,173 [INFO] ServerAccessManage:452 - Complete download http(s) 200
2025-09-02 07:55:59,174 [INFO] ServerAccessManage:509 - Download File STMicroelectronics.X-CUBE-DPOWER.pdsc
2025-09-02 07:55:59,444 [ERROR] ServerAccessManage:1212 - Problem, file not found on Server
2025-09-02 07:55:59,591 [ERROR] ServerAccessManage:1212 - Problem, file not found on Server
2025-09-02 07:55:59,764 [ERROR] LogOutputStream:75 - [STDERR_REDIRECT] [Fatal Error] :1:1: Premature end of file.
2025-09-02 07:55:59,764 [ERROR] LogOutputStream:75 - [STDERR_REDIRECT] 
2025-09-02 07:55:59,807 [ERROR] ServerAccessManage:1212 - Problem, file not found on Server
2025-09-02 07:55:59,924 [ERROR] ServerAccessManage:1212 - Problem, file not found on Server
2025-09-02 07:56:00,009 [ERROR] ServerAccessManage:1212 - Problem, file not found on Server
2025-09-02 07:56:00,070 [WARN] MainUpdater:1193 - Updater busy. Cannot search thirdparties
2025-09-02 07:56:00,070 [INFO] ThirdPartyUpdaterWithRetryManager:96 - Updater plugin is busy. [4/15]
2025-09-02 07:56:00,098 [ERROR] ServerAccessManage:1212 - Problem, file not found on Server
2025-09-02 07:56:00,214 [ERROR] ServerAccessManage:1212 - Problem, file not found on Server
2025-09-02 07:56:00,351 [ERROR] ServerAccessManage:1212 - Problem, file not found on Server
2025-09-02 07:56:00,437 [ERROR] ServerAccessManage:1212 - Problem, file not found on Server
2025-09-02 07:56:00,545 [ERROR] ServerAccessManage:1212 - Problem, file not found on Server
2025-09-02 07:56:00,646 [ERROR] ServerAccessManage:1212 - Problem, file not found on Server
2025-09-02 07:56:00,709 [INFO] ServerAccessManage:452 - Complete download http(s) 200
2025-09-02 07:56:00,710 [INFO] ServerAccessManage:509 - Download File STMicroelectronics.X-CUBE-EEPRMA1.pdsc
2025-09-02 07:56:00,765 [ERROR] LogOutputStream:75 - [STDERR_REDIRECT] [Fatal Error] :1:1: Premature end of file.
2025-09-02 07:56:00,767 [ERROR] LogOutputStream:75 - [STDERR_REDIRECT] 
2025-09-02 07:56:00,898 [ERROR] ServerAccessManage:1212 - Problem, file not found on Server
2025-09-02 07:56:01,134 [ERROR] ServerAccessManage:1212 - Problem, file not found on Server
2025-09-02 07:56:01,345 [INFO] ServerAccessManage:452 - Complete download http(s) 200
2025-09-02 07:56:01,345 [INFO] ServerAccessManage:509 - Download File STMicroelectronics.X-CUBE-FREERTOS.pdsc
2025-09-02 07:56:01,765 [ERROR] LogOutputStream:75 - [STDERR_REDIRECT] [Fatal Error] :1:1: Premature end of file.
2025-09-02 07:56:01,765 [ERROR] LogOutputStream:75 - [STDERR_REDIRECT] 
2025-09-02 07:56:01,807 [INFO] ServerAccessManage:452 - Complete download http(s) 200
2025-09-02 07:56:01,807 [INFO] ServerAccessManage:509 - Download File STMicroelectronics.X-CUBE-GNSS1.pdsc
2025-09-02 07:56:02,421 [ERROR] ServerAccessManage:1212 - Problem, file not found on Server
2025-09-02 07:56:02,542 [ERROR] ServerAccessManage:1212 - Problem, file not found on Server
2025-09-02 07:56:02,690 [ERROR] ServerAccessManage:1212 - Problem, file not found on Server
2025-09-02 07:56:02,764 [ERROR] LogOutputStream:75 - [STDERR_REDIRECT] [Fatal Error] :1:1: Premature end of file.
2025-09-02 07:56:02,765 [ERROR] LogOutputStream:75 - [STDERR_REDIRECT] 
2025-09-02 07:56:02,886 [ERROR] ServerAccessManage:1212 - Problem, file not found on Server
2025-09-02 07:56:03,044 [ERROR] ServerAccessManage:1212 - Problem, file not found on Server
2025-09-02 07:56:03,071 [WARN] MainUpdater:1193 - Updater busy. Cannot search thirdparties
2025-09-02 07:56:03,071 [INFO] ThirdPartyUpdaterWithRetryManager:96 - Updater plugin is busy. [5/15]
2025-09-02 07:56:03,164 [ERROR] ServerAccessManage:1212 - Problem, file not found on Server
2025-09-02 07:56:03,217 [INFO] ServerAccessManage:452 - Complete download http(s) 200
2025-09-02 07:56:03,217 [INFO] ServerAccessManage:509 - Download File STMicroelectronics.X-CUBE-ISPU.pdsc
2025-09-02 07:56:03,556 [INFO] ServerAccessManage:452 - Complete download http(s) 200
2025-09-02 07:56:03,557 [INFO] ServerAccessManage:509 - Download File STMicroelectronics.X-CUBE-IPS.pdsc
2025-09-02 07:56:03,766 [ERROR] LogOutputStream:75 - [STDERR_REDIRECT] [Fatal Error] :1:1: Premature end of file.
2025-09-02 07:56:03,766 [ERROR] LogOutputStream:75 - [STDERR_REDIRECT] 
2025-09-02 07:56:03,833 [INFO] ServerAccessManage:452 - Complete download http(s) 200
2025-09-02 07:56:03,833 [INFO] ServerAccessManage:509 - Download File STMicroelectronics.X-CUBE-MEMS1.pdsc
2025-09-02 07:56:04,764 [ERROR] LogOutputStream:75 - [STDERR_REDIRECT] [Fatal Error] :1:1: Premature end of file.
2025-09-02 07:56:04,764 [ERROR] LogOutputStream:75 - [STDERR_REDIRECT] 
2025-09-02 07:56:05,471 [INFO] ServerAccessManage:452 - Complete download http(s) 200
2025-09-02 07:56:05,472 [INFO] ServerAccessManage:509 - Download File STMicroelectronics.X-CUBE-NFC4.pdsc
2025-09-02 07:56:05,764 [ERROR] LogOutputStream:75 - [STDERR_REDIRECT] [Fatal Error] :1:1: Premature end of file.
2025-09-02 07:56:05,764 [ERROR] LogOutputStream:75 - [STDERR_REDIRECT] 
2025-09-02 07:56:06,072 [WARN] MainUpdater:1193 - Updater busy. Cannot search thirdparties
2025-09-02 07:56:06,072 [INFO] ThirdPartyUpdaterWithRetryManager:96 - Updater plugin is busy. [6/15]
2025-09-02 07:56:06,619 [INFO] ServerAccessManage:452 - Complete download http(s) 200
2025-09-02 07:56:06,619 [INFO] ServerAccessManage:509 - Download File STMicroelectronics.X-CUBE-NFC6.pdsc
2025-09-02 07:56:06,765 [ERROR] LogOutputStream:75 - [STDERR_REDIRECT] [Fatal Error] :1:1: Premature end of file.
2025-09-02 07:56:06,766 [ERROR] LogOutputStream:75 - [STDERR_REDIRECT] 
2025-09-02 07:56:06,894 [INFO] ServerAccessManage:452 - Complete download http(s) 200
2025-09-02 07:56:06,894 [INFO] ServerAccessManage:509 - Download File STMicroelectronics.X-CUBE-NFC7.pdsc
2025-09-02 07:56:07,197 [INFO] ServerAccessManage:452 - Complete download http(s) 200
2025-09-02 07:56:07,197 [INFO] ServerAccessManage:509 - Download File STMicroelectronics.X-CUBE-NFC9.pdsc
2025-09-02 07:56:07,366 [INFO] ServerAccessManage:452 - Complete download http(s) 200
2025-09-02 07:56:07,366 [INFO] ServerAccessManage:509 - Download File STMicroelectronics.X-CUBE-NFC10.pdsc
2025-09-02 07:56:07,489 [INFO] ServerAccessManage:452 - Complete download http(s) 200
2025-09-02 07:56:07,489 [INFO] ServerAccessManage:509 - Download File STMicroelectronics.X-CUBE-NFC12.pdsc
2025-09-02 07:56:07,670 [INFO] ServerAccessManage:452 - Complete download http(s) 200
2025-09-02 07:56:07,670 [INFO] ServerAccessManage:509 - Download File STMicroelectronics.X-CUBE-SFXS2LP1.pdsc
2025-09-02 07:56:07,763 [ERROR] LogOutputStream:75 - [STDERR_REDIRECT] [Fatal Error] :1:1: Premature end of file.
2025-09-02 07:56:07,763 [ERROR] LogOutputStream:75 - [STDERR_REDIRECT] 
2025-09-02 07:56:07,928 [INFO] ServerAccessManage:452 - Complete download http(s) 200
2025-09-02 07:56:07,928 [INFO] ServerAccessManage:509 - Download File STMicroelectronics.X-CUBE-SAFEA1.pdsc
2025-09-02 07:56:08,085 [INFO] ServerAccessManage:452 - Complete download http(s) 200
2025-09-02 07:56:08,085 [INFO] ServerAccessManage:509 - Download File STMicroelectronics.X-CUBE-SUBG2.pdsc
2025-09-02 07:56:08,686 [INFO] ServerAccessManage:452 - Complete download http(s) 200
2025-09-02 07:56:08,686 [INFO] ServerAccessManage:509 - Download File STMicroelectronics.X-CUBE-SMBUS.pdsc
2025-09-02 07:56:08,764 [ERROR] LogOutputStream:75 - [STDERR_REDIRECT] [Fatal Error] :1:1: Premature end of file.
2025-09-02 07:56:08,764 [ERROR] LogOutputStream:75 - [STDERR_REDIRECT] 
2025-09-02 07:56:08,911 [ERROR] ServerAccessManage:1212 - Problem, file not found on Server
2025-09-02 07:56:08,995 [INFO] ServerAccessManage:452 - Complete download http(s) 200
2025-09-02 07:56:08,995 [INFO] ServerAccessManage:509 - Download File STMicroelectronics.X-CUBE-ST60.pdsc
2025-09-02 07:56:09,074 [WARN] MainUpdater:1193 - Updater busy. Cannot search thirdparties
2025-09-02 07:56:09,074 [INFO] ThirdPartyUpdaterWithRetryManager:96 - Updater plugin is busy. [7/15]
2025-09-02 07:56:09,146 [INFO] ServerAccessManage:452 - Complete download http(s) 200
2025-09-02 07:56:09,146 [INFO] ServerAccessManage:509 - Download File STMicroelectronics.X-CUBE-ST67W61.pdsc
2025-09-02 07:56:09,261 [INFO] ServerAccessManage:452 - Complete download http(s) 200
2025-09-02 07:56:09,261 [INFO] ServerAccessManage:509 - Download File STMicroelectronics.X-CUBE-PM33A1.pdsc
2025-09-02 07:56:09,419 [INFO] ServerAccessManage:452 - Complete download http(s) 200
2025-09-02 07:56:09,419 [INFO] ServerAccessManage:509 - Download File STMicroelectronics.X-CUBE-TCPP.pdsc
2025-09-02 07:56:09,657 [INFO] ServerAccessManage:452 - Complete download http(s) 200
2025-09-02 07:56:09,657 [INFO] ServerAccessManage:509 - Download File STMicroelectronics.X-CUBE-TOF1.pdsc
2025-09-02 07:56:09,764 [ERROR] LogOutputStream:75 - [STDERR_REDIRECT] [Fatal Error] :1:1: Premature end of file.
2025-09-02 07:56:09,765 [ERROR] LogOutputStream:75 - [STDERR_REDIRECT] 
2025-09-02 07:56:10,386 [ERROR] ServerAccessManage:1212 - Problem, file not found on Server
2025-09-02 07:56:10,506 [INFO] ServerAccessManage:452 - Complete download http(s) 200
2025-09-02 07:56:10,506 [INFO] ServerAccessManage:509 - Download File STMicroelectronics.X-CUBE-TOUCHGFX.pdsc
2025-09-02 07:56:10,764 [ERROR] LogOutputStream:75 - [STDERR_REDIRECT] [Fatal Error] :1:1: Premature end of file.
2025-09-02 07:56:10,764 [ERROR] LogOutputStream:75 - [STDERR_REDIRECT] 
2025-09-02 07:56:11,764 [ERROR] LogOutputStream:75 - [STDERR_REDIRECT] [Fatal Error] :1:1: Premature end of file.
2025-09-02 07:56:11,764 [ERROR] LogOutputStream:75 - [STDERR_REDIRECT] 
2025-09-02 07:56:12,075 [WARN] MainUpdater:1193 - Updater busy. Cannot search thirdparties
2025-09-02 07:56:12,075 [INFO] ThirdPartyUpdaterWithRetryManager:96 - Updater plugin is busy. [8/15]
2025-09-02 07:56:12,268 [INFO] ServerAccessManage:452 - Complete download http(s) 200
2025-09-02 07:56:12,268 [INFO] ServerAccessManage:509 - Download File STMicroelectronics.X-CUBE-ALGOBUILD.pdsc
2025-09-02 07:56:12,759 [INFO] ServerAccessManage:452 - Complete download http(s) 200
2025-09-02 07:56:12,759 [INFO] ServerAccessManage:509 - Download File STMicroelectronics.X-CUBE-AZRTOS-H7.pdsc
2025-09-02 07:56:12,764 [ERROR] LogOutputStream:75 - [STDERR_REDIRECT] [Fatal Error] :1:1: Premature end of file.
2025-09-02 07:56:12,764 [ERROR] LogOutputStream:75 - [STDERR_REDIRECT] 
2025-09-02 07:56:13,596 [INFO] ServerAccessManage:452 - Complete download http(s) 200
2025-09-02 07:56:13,596 [INFO] ServerAccessManage:509 - Download File STMicroelectronics.X-CUBE-AZRTOS-H7RS.pdsc
2025-09-02 07:56:13,764 [ERROR] LogOutputStream:75 - [STDERR_REDIRECT] [Fatal Error] :1:1: Premature end of file.
2025-09-02 07:56:13,764 [ERROR] LogOutputStream:75 - [STDERR_REDIRECT] 
2025-09-02 07:56:14,027 [INFO] ServerAccessManage:452 - Complete download http(s) 200
2025-09-02 07:56:14,027 [INFO] ServerAccessManage:509 - Download File STMicroelectronics.X-CUBE-AZRTOS-F4.pdsc
2025-09-02 07:56:14,474 [INFO] ServerAccessManage:452 - Complete download http(s) 200
2025-09-02 07:56:14,475 [INFO] ServerAccessManage:509 - Download File STMicroelectronics.X-CUBE-AZRTOS-F7.pdsc
2025-09-02 07:56:14,763 [ERROR] LogOutputStream:75 - [STDERR_REDIRECT] [Fatal Error] :1:1: Premature end of file.
2025-09-02 07:56:14,764 [ERROR] LogOutputStream:75 - [STDERR_REDIRECT] 
2025-09-02 07:56:14,929 [INFO] ServerAccessManage:452 - Complete download http(s) 200
2025-09-02 07:56:14,929 [INFO] ServerAccessManage:509 - Download File STMicroelectronics.X-CUBE-AZRTOS-L4.pdsc
2025-09-02 07:56:15,076 [WARN] MainUpdater:1193 - Updater busy. Cannot search thirdparties
2025-09-02 07:56:15,076 [INFO] ThirdPartyUpdaterWithRetryManager:96 - Updater plugin is busy. [9/15]
2025-09-02 07:56:15,324 [INFO] ServerAccessManage:452 - Complete download http(s) 200
2025-09-02 07:56:15,324 [INFO] ServerAccessManage:509 - Download File STMicroelectronics.X-CUBE-AZRTOS-L5.pdsc
2025-09-02 07:56:15,704 [INFO] ServerAccessManage:452 - Complete download http(s) 200
2025-09-02 07:56:15,705 [INFO] ServerAccessManage:509 - Download File STMicroelectronics.X-CUBE-AZRTOS-G0.pdsc
2025-09-02 07:56:15,764 [ERROR] LogOutputStream:75 - [STDERR_REDIRECT] [Fatal Error] :1:1: Premature end of file.
2025-09-02 07:56:15,764 [ERROR] LogOutputStream:75 - [STDERR_REDIRECT] 
2025-09-02 07:56:16,010 [INFO] ServerAccessManage:452 - Complete download http(s) 200
2025-09-02 07:56:16,010 [INFO] ServerAccessManage:509 - Download File STMicroelectronics.X-CUBE-AZRTOS-G4.pdsc
2025-09-02 07:56:16,325 [INFO] ServerAccessManage:452 - Complete download http(s) 200
2025-09-02 07:56:16,325 [INFO] ServerAccessManage:509 - Download File STMicroelectronics.X-CUBE-AZRTOS-WB.pdsc
2025-09-02 07:56:16,649 [INFO] ServerAccessManage:452 - Complete download http(s) 200
2025-09-02 07:56:16,650 [INFO] ServerAccessManage:509 - Download File STMicroelectronics.X-CUBE-AZRTOS-WL.pdsc
2025-09-02 07:56:16,765 [ERROR] LogOutputStream:75 - [STDERR_REDIRECT] [Fatal Error] :1:1: Premature end of file.
2025-09-02 07:56:16,765 [ERROR] LogOutputStream:75 - [STDERR_REDIRECT] 
2025-09-02 07:56:16,950 [INFO] ServerAccessManage:452 - Complete download http(s) 200
2025-09-02 07:56:16,950 [INFO] ServerAccessManage:509 - Download File STMicroelectronics.X-CUBE-WB05N.pdsc
2025-09-02 07:56:17,616 [INFO] ServerAccessManage:452 - Complete download http(s) 200
2025-09-02 07:56:17,617 [INFO] ServerAccessManage:509 - Download File wolfSSL.I-CUBE-wolfSSL.pdsc
2025-09-02 07:56:17,771 [ERROR] LogOutputStream:75 - [STDERR_REDIRECT] [Fatal Error] :1:1: Premature end of file.
2025-09-02 07:56:17,771 [ERROR] LogOutputStream:75 - [STDERR_REDIRECT] 
2025-09-02 07:56:18,076 [WARN] MainUpdater:1193 - Updater busy. Cannot search thirdparties
2025-09-02 07:56:18,076 [INFO] ThirdPartyUpdaterWithRetryManager:96 - Updater plugin is busy. [10/15]
2025-09-02 07:56:18,763 [ERROR] LogOutputStream:75 - [STDERR_REDIRECT] [Fatal Error] :1:1: Premature end of file.
2025-09-02 07:56:18,763 [ERROR] LogOutputStream:75 - [STDERR_REDIRECT] 
2025-09-02 07:56:19,764 [ERROR] LogOutputStream:75 - [STDERR_REDIRECT] [Fatal Error] :1:1: Premature end of file.
2025-09-02 07:56:19,764 [ERROR] LogOutputStream:75 - [STDERR_REDIRECT] 
2025-09-02 07:56:20,765 [ERROR] LogOutputStream:75 - [STDERR_REDIRECT] [Fatal Error] :1:1: Premature end of file.
2025-09-02 07:56:20,765 [ERROR] LogOutputStream:75 - [STDERR_REDIRECT] 
2025-09-02 07:56:21,077 [WARN] MainUpdater:1193 - Updater busy. Cannot search thirdparties
2025-09-02 07:56:21,077 [INFO] ThirdPartyUpdaterWithRetryManager:96 - Updater plugin is busy. [11/15]
2025-09-02 07:56:21,763 [ERROR] LogOutputStream:75 - [STDERR_REDIRECT] [Fatal Error] :1:1: Premature end of file.
2025-09-02 07:56:21,763 [ERROR] LogOutputStream:75 - [STDERR_REDIRECT] 
2025-09-02 07:56:22,481 [ERROR] ServerAccessManage:1212 - Problem, file not found on Server
2025-09-02 07:56:22,737 [ERROR] ServerAccessManage:1212 - Problem, file not found on Server
2025-09-02 07:56:22,767 [ERROR] LogOutputStream:75 - [STDERR_REDIRECT] [Fatal Error] :1:1: Premature end of file.
2025-09-02 07:56:22,767 [ERROR] LogOutputStream:75 - [STDERR_REDIRECT] 
2025-09-02 07:56:23,008 [ERROR] ServerAccessManage:1212 - Problem, file not found on Server
2025-09-02 07:56:23,135 [INFO] ServerAccessManage:452 - Complete download http(s) 200
2025-09-02 07:56:23,135 [INFO] ServerAccessManage:509 - Download File wolfSSL.I-CUBE-wolfMQTT.pdsc
2025-09-02 07:56:23,769 [ERROR] LogOutputStream:75 - [STDERR_REDIRECT] [Fatal Error] :1:1: Premature end of file.
2025-09-02 07:56:23,769 [ERROR] LogOutputStream:75 - [STDERR_REDIRECT] 
2025-09-02 07:56:24,077 [WARN] MainUpdater:1193 - Updater busy. Cannot search thirdparties
2025-09-02 07:56:24,077 [INFO] ThirdPartyUpdaterWithRetryManager:96 - Updater plugin is busy. [12/15]
2025-09-02 07:56:24,098 [ERROR] ServerAccessManage:1212 - Problem, file not found on Server
2025-09-02 07:56:24,214 [INFO] ServerAccessManage:452 - Complete download http(s) 200
2025-09-02 07:56:24,215 [INFO] ServerAccessManage:509 - Download File wolfSSL.I-CUBE-wolfTPM.pdsc
2025-09-02 07:56:24,763 [ERROR] LogOutputStream:75 - [STDERR_REDIRECT] [Fatal Error] :1:1: Premature end of file.
2025-09-02 07:56:24,763 [ERROR] LogOutputStream:75 - [STDERR_REDIRECT] 
2025-09-02 07:56:25,385 [INFO] ServerAccessManage:452 - Complete download http(s) 200
2025-09-02 07:56:25,387 [INFO] ServerAccessManage:509 - Download File wolfSSL.I-CUBE-wolfSSH.pdsc
2025-09-02 07:56:25,766 [ERROR] LogOutputStream:75 - [STDERR_REDIRECT] [Fatal Error] :1:1: Premature end of file.
2025-09-02 07:56:25,766 [ERROR] LogOutputStream:75 - [STDERR_REDIRECT] 
2025-09-02 07:56:26,768 [ERROR] LogOutputStream:75 - [STDERR_REDIRECT] [Fatal Error] :1:1: Premature end of file.
2025-09-02 07:56:26,768 [ERROR] LogOutputStream:75 - [STDERR_REDIRECT] 
2025-09-02 07:56:27,078 [WARN] MainUpdater:1193 - Updater busy. Cannot search thirdparties
2025-09-02 07:56:27,078 [INFO] ThirdPartyUpdaterWithRetryManager:96 - Updater plugin is busy. [13/15]
2025-09-02 07:56:27,120 [INFO] ServerAccessManage:452 - Complete download http(s) 200
2025-09-02 07:56:27,120 [INFO] ServerAccessManage:509 - Download File RealThread.X-CUBE-RT-Thread_Nano.pdsc
2025-09-02 07:56:27,582 [INFO] ServerAccessManage:452 - Complete download http(s) 200
2025-09-02 07:56:27,582 [INFO] ServerAccessManage:509 - Download File SEGGER.I-CUBE-embOS.pdsc
2025-09-02 07:56:27,774 [ERROR] LogOutputStream:75 - [STDERR_REDIRECT] [Fatal Error] :1:1: Premature end of file.
2025-09-02 07:56:27,774 [ERROR] LogOutputStream:75 - [STDERR_REDIRECT] 
2025-09-02 07:56:28,013 [INFO] ServerAccessManage:452 - Complete download http(s) 200
2025-09-02 07:56:28,013 [INFO] ServerAccessManage:509 - Download File emotas.I-CUBE-CANOPEN.pdsc
2025-09-02 07:56:28,769 [ERROR] LogOutputStream:75 - [STDERR_REDIRECT] [Fatal Error] :1:1: Premature end of file.
2025-09-02 07:56:28,770 [ERROR] LogOutputStream:75 - [STDERR_REDIRECT] 
2025-09-02 07:56:28,945 [INFO] ServerAccessManage:452 - Complete download http(s) 200
2025-09-02 07:56:28,945 [INFO] ServerAccessManage:509 - Download File WES.I-CUBE-Cesium.pdsc
2025-09-02 07:56:29,678 [ERROR] ServerAccessManage:1212 - Problem, file not found on Server
2025-09-02 07:56:29,764 [ERROR] LogOutputStream:75 - [STDERR_REDIRECT] [Fatal Error] :1:1: Premature end of file.
2025-09-02 07:56:29,765 [ERROR] LogOutputStream:75 - [STDERR_REDIRECT] 
2025-09-02 07:56:29,920 [ERROR] ServerAccessManage:1212 - Problem, file not found on Server
2025-09-02 07:56:30,079 [WARN] MainUpdater:1193 - Updater busy. Cannot search thirdparties
2025-09-02 07:56:30,079 [INFO] ThirdPartyUpdaterWithRetryManager:96 - Updater plugin is busy. [14/15]
2025-09-02 07:56:30,678 [INFO] ServerAccessManage:452 - Complete download http(s) 200
2025-09-02 07:56:30,678 [INFO] ServerAccessManage:509 - Download File ITTIA_DB.I-CUBE-ITTIADB.pdsc
2025-09-02 07:56:30,764 [ERROR] LogOutputStream:75 - [STDERR_REDIRECT] [Fatal Error] :1:1: Premature end of file.
2025-09-02 07:56:30,764 [ERROR] LogOutputStream:75 - [STDERR_REDIRECT] 
2025-09-02 07:56:31,764 [ERROR] LogOutputStream:75 - [STDERR_REDIRECT] [Fatal Error] :1:1: Premature end of file.
2025-09-02 07:56:31,764 [ERROR] LogOutputStream:75 - [STDERR_REDIRECT] 
2025-09-02 07:56:32,772 [ERROR] LogOutputStream:75 - [STDERR_REDIRECT] [Fatal Error] :1:1: Premature end of file.
2025-09-02 07:56:32,772 [ERROR] LogOutputStream:75 - [STDERR_REDIRECT] 
2025-09-02 07:56:33,080 [WARN] MainUpdater:1193 - Updater busy. Cannot search thirdparties
2025-09-02 07:56:33,080 [INFO] ThirdPartyUpdaterWithRetryManager:96 - Updater plugin is busy. [15/15]
2025-09-02 07:56:33,080 [ERROR] IntegrityCheckThread:130 - Cannot retrieve database content from updater: error -1
2025-09-02 07:56:33,081 [INFO] ThirdParty:978 - Integrity check success = false
2025-09-02 07:56:33,081 [INFO] IntegrityCheckThread:100 - exiting critical section [integrity check]
2025-09-02 07:56:33,081 [INFO] IntegrityCheckThread:103 - End integrity checks thread
2025-09-02 07:56:33,762 [ERROR] LogOutputStream:75 - [STDERR_REDIRECT] [Fatal Error] :1:1: Premature end of file.
2025-09-02 07:56:33,762 [ERROR] LogOutputStream:75 - [STDERR_REDIRECT] 
2025-09-02 07:56:34,772 [ERROR] LogOutputStream:75 - [STDERR_REDIRECT] [Fatal Error] :1:1: Premature end of file.
2025-09-02 07:56:34,772 [ERROR] LogOutputStream:75 - [STDERR_REDIRECT] 
2025-09-02 07:56:34,810 [INFO] ServerAccessManage:452 - Complete download http(s) 200
2025-09-02 07:56:34,810 [INFO] ServerAccessManage:509 - Download File Infineon.AIROC-Wi-Fi-Bluetooth-STM32.pdsc
2025-09-02 07:56:35,763 [ERROR] LogOutputStream:75 - [STDERR_REDIRECT] [Fatal Error] :1:1: Premature end of file.
2025-09-02 07:56:35,763 [ERROR] LogOutputStream:75 - [STDERR_REDIRECT] 
2025-09-02 07:56:36,765 [ERROR] LogOutputStream:75 - [STDERR_REDIRECT] [Fatal Error] :1:1: Premature end of file.
2025-09-02 07:56:36,765 [ERROR] LogOutputStream:75 - [STDERR_REDIRECT] 
2025-09-02 07:56:37,242 [INFO] ServerAccessManage:452 - Complete download http(s) 200
2025-09-02 07:56:37,242 [INFO] ServerAccessManage:509 - Download File Cesanta.I-CUBE-Mongoose.pdsc
2025-09-02 07:56:37,765 [ERROR] LogOutputStream:75 - [STDERR_REDIRECT] [Fatal Error] :1:1: Premature end of file.
2025-09-02 07:56:37,766 [ERROR] LogOutputStream:75 - [STDERR_REDIRECT] 
2025-09-02 07:56:38,642 [INFO] ServerAccessManage:452 - Complete download http(s) 200
2025-09-02 07:56:38,643 [INFO] ServerAccessManage:509 - Download File EmbeddedOffice.I-CUBE-FS-RTOS.pdsc
2025-09-02 07:56:38,777 [ERROR] LogOutputStream:75 - [STDERR_REDIRECT] [Fatal Error] :1:1: Premature end of file.
2025-09-02 07:56:38,777 [ERROR] LogOutputStream:75 - [STDERR_REDIRECT] 
2025-09-02 07:56:39,386 [INFO] ServerAccessManage:452 - Complete download http(s) 200
2025-09-02 07:56:39,386 [INFO] ServerAccessManage:509 - Download File quantropi.X-CUBE-qispace-sdk-base.pdsc
2025-09-02 07:56:39,763 [ERROR] LogOutputStream:75 - [STDERR_REDIRECT] [Fatal Error] :1:1: Premature end of file.
2025-09-02 07:56:39,763 [ERROR] LogOutputStream:75 - [STDERR_REDIRECT] 
2025-09-02 07:56:40,025 [ERROR] ServerAccessManage:1295 - Problem during Server Connection :  IO error PKIX path building failed: sun.security.provider.certpath.SunCertPathBuilderException: unable to find valid certification path to requested target
2025-09-02 07:56:40,025 [ERROR] ServerAccessManage:740 - Problem during Server Connection :  : Avnet-IotConnect.X-CUBE-IoTC-DA16k-PMOD.pdsc.
2025-09-02 07:56:40,150 [WARN] CheckServerUpdateThread:151 - Open CheckUpdateFile Fail
2025-09-02 07:56:40,221 [WARN] PackLoader:240 - Cannot read IP mode file for STMicroelectronics.FP-ATR-ASTRA1.2.0.2
2025-09-02 07:56:40,241 [WARN] PackLoader:240 - Cannot read IP mode file for STMicroelectronics.FP-ATR-SIGFOX1.3.2.0
2025-09-02 07:56:40,254 [WARN] PackLoader:240 - Cannot read IP mode file for STMicroelectronics.FP-SNS-STBOX1.2.1.0
2025-09-02 07:56:40,269 [WARN] PackLoader:240 - Cannot read IP mode file for STMicroelectronics.FP-SNS-FLIGHT1.5.1.0
2025-09-02 07:56:40,278 [WARN] PackLoader:240 - Cannot read IP mode file for STMicroelectronics.FP-SNS-MOTENV1.5.0.0
2025-09-02 07:56:40,279 [INFO] CheckServerUpdateThread:120 - End of CheckServer Thread
2025-09-02 07:56:40,291 [WARN] PackLoader:240 - Cannot read IP mode file for STMicroelectronics.FP-SNS-MOTENVWB1.1.4.0
2025-09-02 07:56:40,299 [WARN] PackLoader:240 - Cannot read IP mode file for STMicroelectronics.FP-SNS-SMARTAG2.1.2.0
2025-09-02 07:56:40,316 [WARN] PackLoader:240 - Cannot read IP mode file for STMicroelectronics.FP-SNS-STAIOTCFT.1.0.0
2025-09-02 07:56:40,325 [WARN] PackLoader:240 - Cannot read IP mode file for STMicroelectronics.X-CUBE-AI.10.2.0
2025-09-02 07:56:40,331 [WARN] PackLoader:240 - Cannot read IP mode file for STMicroelectronics.X-CUBE-ALS.1.0.2
2025-09-02 07:56:40,347 [WARN] PackLoader:240 - Cannot read IP mode file for STMicroelectronics.X-CUBE-BLE1.7.1.0
2025-09-02 07:56:40,355 [WARN] PackLoader:240 - Cannot read IP mode file for STMicroelectronics.X-CUBE-BLE2.3.3.0
2025-09-02 07:56:40,378 [WARN] PackLoader:240 - Cannot read IP mode file for STMicroelectronics.X-CUBE-BLEMGR.4.1.0
2025-09-02 07:56:40,424 [WARN] PackLoader:240 - Cannot read IP mode file for STMicroelectronics.X-CUBE-DISPLAY.3.0.0
2025-09-02 07:56:40,441 [WARN] PackLoader:240 - Cannot read IP mode file for STMicroelectronics.X-CUBE-DPower.1.3.0
2025-09-02 07:56:40,450 [WARN] PackLoader:240 - Cannot read IP mode file for STMicroelectronics.X-CUBE-EEPRMA1.5.2.0
2025-09-02 07:56:40,462 [WARN] PackLoader:240 - Cannot read IP mode file for STMicroelectronics.X-CUBE-FREERTOS.1.3.1
2025-09-02 07:56:40,470 [WARN] PackLoader:240 - Cannot read IP mode file for STMicroelectronics.X-CUBE-GNSS1.7.0.1
2025-09-02 07:56:40,475 [WARN] PackLoader:240 - Cannot read IP mode file for STMicroelectronics.X-CUBE-ISPU.2.1.0
2025-09-02 07:56:40,495 [WARN] PackLoader:240 - Cannot read IP mode file for STMicroelectronics.X-CUBE-IPS.3.1.0
2025-09-02 07:56:40,594 [WARN] PackLoader:240 - Cannot read IP mode file for STMicroelectronics.X-CUBE-MEMS1.11.3.0
2025-09-02 07:56:40,751 [WARN] PackLoader:240 - Cannot read IP mode file for STMicroelectronics.X-CUBE-NFC4.3.0.0
2025-09-02 07:56:40,762 [WARN] PackLoader:240 - Cannot read IP mode file for STMicroelectronics.X-CUBE-NFC6.3.1.0
2025-09-02 07:56:40,773 [WARN] PackLoader:240 - Cannot read IP mode file for STMicroelectronics.X-CUBE-NFC7.2.0.0
2025-09-02 07:56:40,782 [WARN] PackLoader:240 - Cannot read IP mode file for STMicroelectronics.X-CUBE-NFC9.1.0.0
2025-09-02 07:56:40,791 [ERROR] LogOutputStream:75 - [STDERR_REDIRECT] [Fatal Error] :1:1: Premature end of file.
2025-09-02 07:56:40,793 [ERROR] LogOutputStream:75 - [STDERR_REDIRECT] 
2025-09-02 07:56:40,794 [WARN] PackLoader:240 - Cannot read IP mode file for STMicroelectronics.X-CUBE-NFC10.1.0.0
2025-09-02 07:56:40,805 [WARN] PackLoader:240 - Cannot read IP mode file for STMicroelectronics.X-CUBE-NFC12.1.0.0
2025-09-02 07:56:40,816 [WARN] PackLoader:240 - Cannot read IP mode file for STMicroelectronics.X-CUBE-SFXS2LP1.4.0.0
2025-09-02 07:56:40,826 [WARN] PackLoader:240 - Cannot read IP mode file for STMicroelectronics.X-CUBE-SAFEA1.1.2.2
2025-09-02 07:56:40,842 [WARN] PackLoader:240 - Cannot read IP mode file for STMicroelectronics.X-CUBE-SUBG2.5.0.0
2025-09-02 07:56:40,854 [WARN] PackLoader:240 - Cannot read IP mode file for STMicroelectronics.X-CUBE-SMBUS.2.1.0
2025-09-02 07:56:40,860 [WARN] PackLoader:240 - Cannot read IP mode file for STMicroelectronics.X-CUBE-ST60.1.0.0
2025-09-02 07:56:40,872 [WARN] PackLoader:240 - Cannot read IP mode file for STMicroelectronics.X-CUBE-ST67W61.1.0.0
2025-09-02 07:56:40,879 [WARN] PackLoader:240 - Cannot read IP mode file for STMicroelectronics.X-CUBE-PM33A1.1.0.0
2025-09-02 07:56:40,884 [WARN] PackLoader:240 - Cannot read IP mode file for STMicroelectronics.X-CUBE-TCPP.4.2.0
2025-09-02 07:56:40,896 [WARN] PackLoader:240 - Cannot read IP mode file for STMicroelectronics.X-CUBE-TOF1.3.4.3
2025-09-02 07:56:40,915 [WARN] PackLoader:240 - Cannot read IP mode file for STMicroelectronics.X-CUBE-TOUCHGFX.4.25.0
2025-09-02 07:56:40,924 [WARN] PackLoader:240 - Cannot read IP mode file for STMicroelectronics.X-CUBE-ALGOBUILD.1.4.0
2025-09-02 07:56:40,944 [WARN] PackLoader:240 - Cannot read IP mode file for STMicroelectronics.X-CUBE-AZRTOS-H7.3.4.0
2025-09-02 07:56:40,972 [WARN] PackLoader:240 - Cannot read IP mode file for STMicroelectronics.X-CUBE-AZRTOS-H7RS.1.1.0
2025-09-02 07:56:40,995 [WARN] PackLoader:240 - Cannot read IP mode file for STMicroelectronics.X-CUBE-AZRTOS-F4.1.1.0
2025-09-02 07:56:41,012 [WARN] PackLoader:240 - Cannot read IP mode file for STMicroelectronics.X-CUBE-AZRTOS-F7.1.1.0
2025-09-02 07:56:41,045 [WARN] ConditionMgr:438 - getConditionDescription Invalid condition id : LAN8742 Phy interface Condition cause : null
2025-09-02 07:56:41,046 [WARN] PackLoader:240 - Cannot read IP mode file for STMicroelectronics.X-CUBE-AZRTOS-L4.2.0.0
2025-09-02 07:56:41,048 [WARN] ConditionMgr:1044 - genDependencies : Invalid condition id : LAN8742 Phy interface Condition cause : null
2025-09-02 07:56:41,048 [WARN] ConditionMgr:1044 - genDependencies : Invalid condition id : LAN8742 Phy interface Condition cause : null
2025-09-02 07:56:41,048 [WARN] ConditionMgr:1044 - genDependencies : Invalid condition id : LAN8742 Phy interface Condition cause : null
2025-09-02 07:56:41,066 [WARN] PackLoader:240 - Cannot read IP mode file for STMicroelectronics.X-CUBE-AZRTOS-L5.2.0.0
2025-09-02 07:56:41,085 [WARN] PackLoader:240 - Cannot read IP mode file for STMicroelectronics.X-CUBE-AZRTOS-G0.1.1.0
2025-09-02 07:56:41,099 [WARN] PackLoader:240 - Cannot read IP mode file for STMicroelectronics.X-CUBE-AZRTOS-G4.2.0.0
2025-09-02 07:56:41,112 [WARN] ConditionMgr:438 - getConditionDescription Invalid condition id : UX DEVICE CLASS RTOS Condition cause : null
2025-09-02 07:56:41,112 [WARN] ConditionMgr:438 - getConditionDescription Invalid condition id : UX DEVICE CLASS RTOS Condition cause : null
2025-09-02 07:56:41,115 [WARN] PackLoader:240 - Cannot read IP mode file for STMicroelectronics.X-CUBE-AZRTOS-WB.2.0.0
2025-09-02 07:56:41,116 [WARN] ConditionMgr:1044 - genDependencies : Invalid condition id : UX DEVICE CLASS RTOS Condition cause : null
2025-09-02 07:56:41,116 [WARN] ConditionMgr:1044 - genDependencies : Invalid condition id : UX DEVICE CLASS RTOS Condition cause : null
2025-09-02 07:56:41,116 [WARN] ConditionMgr:1044 - genDependencies : Invalid condition id : UX DEVICE CLASS RTOS Condition cause : null
2025-09-02 07:56:41,117 [WARN] ConditionMgr:1044 - genDependencies : Invalid condition id : UX DEVICE CLASS RTOS Condition cause : null
2025-09-02 07:56:41,117 [WARN] ConditionMgr:1044 - genDependencies : Invalid condition id : UX DEVICE CLASS RTOS Condition cause : null
2025-09-02 07:56:41,131 [INFO] LogOutputStream:77 - [STDOUT_REDIRECT] 1 : Invalid condition id : UX_CORESTACK_Condition cause : null
2025-09-02 07:56:41,132 [INFO] LogOutputStream:77 - [STDOUT_REDIRECT] 1 : Invalid condition id : UX_CORESTACK_Condition cause : null
2025-09-02 07:56:41,135 [INFO] LogOutputStream:77 - [STDOUT_REDIRECT] 1 : Invalid condition id : UX_CORESTACK_Condition cause : null
2025-09-02 07:56:41,138 [INFO] LogOutputStream:77 - [STDOUT_REDIRECT] 1 : Invalid condition id : UX_CORESTACK_Condition cause : null
2025-09-02 07:56:41,140 [INFO] LogOutputStream:77 - [STDOUT_REDIRECT] 1 : Invalid condition id : UX_CORESTACK_Condition cause : null
2025-09-02 07:56:41,142 [WARN] PackLoader:240 - Cannot read IP mode file for STMicroelectronics.X-CUBE-AZRTOS-WL.2.0.0
2025-09-02 07:56:41,151 [WARN] PackLoader:240 - Cannot read IP mode file for STMicroelectronics.X-CUBE-WB05N.2.0.0
2025-09-02 07:56:41,160 [WARN] PackLoader:240 - Cannot read IP mode file for wolfSSL.I-CUBE-wolfSSL.5.8.2
2025-09-02 07:56:41,166 [WARN] PackLoader:240 - Cannot read IP mode file for wolfSSL.I-CUBE-wolfMQTT.1.19.2
2025-09-02 07:56:41,171 [WARN] PackLoader:240 - Cannot read IP mode file for wolfSSL.I-CUBE-wolfTPM.3.8.0
2025-09-02 07:56:41,176 [WARN] PackLoader:240 - Cannot read IP mode file for wolfSSL.I-CUBE-wolfSSH.1.4.20
2025-09-02 07:56:41,184 [WARN] PackLoader:240 - Cannot read IP mode file for RealThread.X-CUBE-RT-Thread_Nano.4.1.1
2025-09-02 07:56:41,218 [WARN] PackLoader:240 - Cannot read IP mode file for SEGGER.I-CUBE-embOS.1.3.1
2025-09-02 07:56:41,275 [WARN] PackLoader:240 - Cannot read IP mode file for emotas.I-CUBE-CANOPEN.1.3.0
2025-09-02 07:56:41,282 [WARN] PackLoader:240 - Cannot read IP mode file for WES.I-CUBE-Cesium.1.4.0
2025-09-02 07:56:41,291 [WARN] PackLoader:240 - Cannot read IP mode file for ITTIA_DB.I-CUBE-ITTIADB.8.9.0
2025-09-02 07:56:41,314 [WARN] PackLoader:240 - Cannot read IP mode file for Infineon.AIROC-Wi-Fi-Bluetooth-STM32.1.7.1
2025-09-02 07:56:41,326 [WARN] PackLoader:240 - Cannot read IP mode file for Cesanta.I-CUBE-Mongoose.7.13.0
2025-09-02 07:56:41,338 [WARN] PackLoader:240 - Cannot read IP mode file for EmbeddedOffice.I-CUBE-FS-RTOS.1.0.1
2025-09-02 07:56:41,344 [WARN] ConditionMgr:438 - getConditionDescription Invalid condition id : Cortex-A Device cause : null
2025-09-02 07:56:41,386 [WARN] ConditionMgr:1044 - genDependencies : Invalid condition id : Cortex-A Device cause : null
2025-09-02 07:56:41,386 [WARN] ConditionMgr:1044 - genDependencies : Invalid condition id : Cortex-A Device cause : null
2025-09-02 07:56:41,386 [WARN] ConditionMgr:1044 - genDependencies : Invalid condition id : Cortex-A Device cause : null
2025-09-02 07:56:41,386 [INFO] PopulateThirdPartyThread:66 - Ending populate Thread
2025-09-02 07:56:41,392 [INFO] ThirdParty:1030 - CMSIS Pack Vendor :STMicroelectronics X-CUBE-PM33A1 1.0.0
2025-09-02 07:56:41,392 [INFO] ThirdParty:1030 - CMSIS Pack Vendor :STMicroelectronics X-CUBE-NFC9 1.0.0
2025-09-02 07:56:41,392 [INFO] ThirdParty:1030 - CMSIS Pack Vendor :STMicroelectronics FP-SNS-MOTENVWB1 1.4.0
2025-09-02 07:56:41,392 [INFO] ThirdParty:1030 - CMSIS Pack Vendor :STMicroelectronics X-CUBE-AZRTOS-F4 1.1.0
2025-09-02 07:56:41,392 [INFO] ThirdParty:1030 - CMSIS Pack Vendor :STMicroelectronics FP-ATR-ASTRA1 2.0.2
2025-09-02 07:56:41,392 [INFO] ThirdParty:1030 - CMSIS Pack Vendor :wolfSSL I-CUBE-wolfSSL 5.8.2
2025-09-02 07:56:41,392 [INFO] ThirdParty:1030 - CMSIS Pack Vendor :STMicroelectronics X-CUBE-BLE1 7.1.0
2025-09-02 07:56:41,392 [INFO] ThirdParty:1030 - CMSIS Pack Vendor :STMicroelectronics X-CUBE-SMBUS 2.1.0
2025-09-02 07:56:41,392 [INFO] ThirdParty:1030 - CMSIS Pack Vendor :wolfSSL I-CUBE-wolfMQTT 1.19.2
2025-09-02 07:56:41,392 [INFO] ThirdParty:1030 - CMSIS Pack Vendor :STMicroelectronics X-CUBE-ISPU 2.1.0
2025-09-02 07:56:41,392 [INFO] ThirdParty:1030 - CMSIS Pack Vendor :STMicroelectronics X-CUBE-BLEMGR 4.1.0
2025-09-02 07:56:41,393 [INFO] ThirdParty:1030 - CMSIS Pack Vendor :STMicroelectronics X-CUBE-EEPRMA1 5.2.0
2025-09-02 07:56:41,393 [INFO] ThirdParty:1030 - CMSIS Pack Vendor :STMicroelectronics X-CUBE-AZRTOS-WB 2.0.0
2025-09-02 07:56:41,393 [INFO] ThirdParty:1030 - CMSIS Pack Vendor :STMicroelectronics X-CUBE-ST60 1.0.0
2025-09-02 07:56:41,393 [INFO] ThirdParty:1030 - CMSIS Pack Vendor :STMicroelectronics X-CUBE-GNSS1 7.0.1
2025-09-02 07:56:41,393 [INFO] ThirdParty:1030 - CMSIS Pack Vendor :STMicroelectronics X-CUBE-NFC12 1.0.0
2025-09-02 07:56:41,393 [INFO] ThirdParty:1030 - CMSIS Pack Vendor :STMicroelectronics X-CUBE-TOUCHGFX 4.25.0
2025-09-02 07:56:41,393 [INFO] ThirdParty:1030 - CMSIS Pack Vendor :STMicroelectronics X-CUBE-AZRTOS-F7 1.1.0
2025-09-02 07:56:41,393 [INFO] ThirdParty:1030 - CMSIS Pack Vendor :STMicroelectronics X-CUBE-AZRTOS-L5 2.0.0
2025-09-02 07:56:41,394 [INFO] ThirdParty:1030 - CMSIS Pack Vendor :STMicroelectronics X-CUBE-NFC6 3.1.0
2025-09-02 07:56:41,394 [INFO] ThirdParty:1030 - CMSIS Pack Vendor :quantropi X-CUBE-qispace-sdk-base 2.1.0
2025-09-02 07:56:41,394 [INFO] ThirdParty:1030 - CMSIS Pack Vendor :STMicroelectronics X-CUBE-AZRTOS-G0 1.1.0
2025-09-02 07:56:41,394 [INFO] ThirdParty:1030 - CMSIS Pack Vendor :STMicroelectronics X-CUBE-NFC4 3.0.0
2025-09-02 07:56:41,394 [INFO] ThirdParty:1030 - CMSIS Pack Vendor :STMicroelectronics X-CUBE-SAFEA1 1.2.2
2025-09-02 07:56:41,394 [INFO] ThirdParty:1030 - CMSIS Pack Vendor :STMicroelectronics X-CUBE-SUBG2 5.0.0
2025-09-02 07:56:41,394 [INFO] ThirdParty:1030 - CMSIS Pack Vendor :STMicroelectronics X-CUBE-AZRTOS-H7RS 1.1.0
2025-09-02 07:56:41,394 [INFO] ThirdParty:1030 - CMSIS Pack Vendor :EmbeddedOffice I-CUBE-FS-RTOS 1.0.1
2025-09-02 07:56:41,394 [INFO] ThirdParty:1030 - CMSIS Pack Vendor :WES I-CUBE-Cesium 1.4.0
2025-09-02 07:56:41,394 [INFO] ThirdParty:1030 - CMSIS Pack Vendor :Cesanta I-CUBE-Mongoose 7.13.0
2025-09-02 07:56:41,394 [INFO] ThirdParty:1030 - CMSIS Pack Vendor :STMicroelectronics X-CUBE-AZRTOS-G4 2.0.0
2025-09-02 07:56:41,394 [INFO] ThirdParty:1030 - CMSIS Pack Vendor :Infineon AIROC-Wi-Fi-Bluetooth-STM32 1.7.1
2025-09-02 07:56:41,394 [INFO] ThirdParty:1030 - CMSIS Pack Vendor :STMicroelectronics X-CUBE-WB05N 2.0.0
2025-09-02 07:56:41,394 [INFO] ThirdParty:1030 - CMSIS Pack Vendor :wolfSSL I-CUBE-wolfTPM 3.8.0
2025-09-02 07:56:41,394 [INFO] ThirdParty:1030 - CMSIS Pack Vendor :STMicroelectronics X-CUBE-AZRTOS-H7 3.4.0
2025-09-02 07:56:41,394 [INFO] ThirdParty:1030 - CMSIS Pack Vendor :STMicroelectronics X-CUBE-DISPLAY 3.0.0
2025-09-02 07:56:41,394 [INFO] ThirdParty:1030 - CMSIS Pack Vendor :wolfSSL I-CUBE-wolfSSH 1.4.20
2025-09-02 07:56:41,396 [INFO] ThirdParty:1030 - CMSIS Pack Vendor :STMicroelectronics X-CUBE-NFC7 2.0.0
2025-09-02 07:56:41,396 [INFO] ThirdParty:1030 - CMSIS Pack Vendor :STMicroelectronics X-CUBE-TCPP 4.2.0
2025-09-02 07:56:41,396 [INFO] ThirdParty:1030 - CMSIS Pack Vendor :RealThread X-CUBE-RT-Thread_Nano 4.1.1
2025-09-02 07:56:41,396 [INFO] ThirdParty:1030 - CMSIS Pack Vendor :STMicroelectronics FP-ATR-SIGFOX1 3.2.0
2025-09-02 07:56:41,396 [INFO] ThirdParty:1030 - CMSIS Pack Vendor :STMicroelectronics X-CUBE-NFC10 1.0.0
2025-09-02 07:56:41,396 [INFO] ThirdParty:1030 - CMSIS Pack Vendor :STMicroelectronics X-CUBE-FREERTOS 1.3.1
2025-09-02 07:56:41,396 [INFO] ThirdParty:1030 - CMSIS Pack Vendor :STMicroelectronics X-CUBE-ALS 1.0.2
2025-09-02 07:56:41,396 [INFO] ThirdParty:1030 - CMSIS Pack Vendor :STMicroelectronics X-CUBE-IPS 3.1.0
2025-09-02 07:56:41,396 [INFO] ThirdParty:1030 - CMSIS Pack Vendor :emotas I-CUBE-CANOPEN 1.3.0
2025-09-02 07:56:41,396 [INFO] ThirdParty:1030 - CMSIS Pack Vendor :ITTIA_DB I-CUBE-ITTIADB 8.9.0
2025-09-02 07:56:41,396 [INFO] ThirdParty:1030 - CMSIS Pack Vendor :STMicroelectronics X-CUBE-ST67W61 1.0.0
2025-09-02 07:56:41,396 [INFO] ThirdParty:1030 - CMSIS Pack Vendor :STMicroelectronics FP-SNS-STBOX1 2.1.0
2025-09-02 07:56:41,396 [INFO] ThirdParty:1030 - CMSIS Pack Vendor :STMicroelectronics FP-SNS-STAIOTCFT 1.0.0
2025-09-02 07:56:41,396 [INFO] ThirdParty:1030 - CMSIS Pack Vendor :STMicroelectronics X-CUBE-AI 10.2.0
2025-09-02 07:56:41,396 [INFO] ThirdParty:1030 - CMSIS Pack Vendor :STMicroelectronics FP-SNS-SMARTAG2 1.2.0
2025-09-02 07:56:41,396 [INFO] ThirdParty:1030 - CMSIS Pack Vendor :STMicroelectronics FP-SNS-FLIGHT1 5.1.0
2025-09-02 07:56:41,397 [INFO] ThirdParty:1030 - CMSIS Pack Vendor :STMicroelectronics X-CUBE-AZRTOS-WL 2.0.0
2025-09-02 07:56:41,397 [INFO] ThirdParty:1030 - CMSIS Pack Vendor :SEGGER I-CUBE-embOS 1.3.1
2025-09-02 07:56:41,397 [INFO] ThirdParty:1030 - CMSIS Pack Vendor :STMicroelectronics X-CUBE-DPower 1.3.0
2025-09-02 07:56:41,397 [INFO] ThirdParty:1030 - CMSIS Pack Vendor :STMicroelectronics X-CUBE-ALGOBUILD 1.4.0
2025-09-02 07:56:41,397 [INFO] ThirdParty:1030 - CMSIS Pack Vendor :STMicroelectronics X-CUBE-MEMS1 11.3.0
2025-09-02 07:56:41,397 [INFO] ThirdParty:1030 - CMSIS Pack Vendor :STMicroelectronics FP-SNS-MOTENV1 5.0.0
2025-09-02 07:56:41,397 [INFO] ThirdParty:1030 - CMSIS Pack Vendor :STMicroelectronics X-CUBE-AZRTOS-L4 2.0.0
2025-09-02 07:56:41,397 [INFO] ThirdParty:1030 - CMSIS Pack Vendor :STMicroelectronics X-CUBE-SFXS2LP1 4.0.0
2025-09-02 07:56:41,397 [INFO] ThirdParty:1030 - CMSIS Pack Vendor :STMicroelectronics X-CUBE-BLE2 3.3.0
2025-09-02 07:56:41,397 [INFO] ThirdParty:1030 - CMSIS Pack Vendor :STMicroelectronics X-CUBE-TOF1 3.4.3
2025-09-02 07:56:41,399 [INFO] LoadServerUpdatesThread:375 - End of LoadServerUpdate Thread
2025-09-02 07:56:41,778 [ERROR] LogOutputStream:75 - [STDERR_REDIRECT] [Fatal Error] :1:1: Premature end of file.
2025-09-02 07:56:41,778 [ERROR] LogOutputStream:75 - [STDERR_REDIRECT] 
2025-09-02 07:56:42,766 [ERROR] LogOutputStream:75 - [STDERR_REDIRECT] [Fatal Error] :1:1: Premature end of file.
2025-09-02 07:56:42,766 [ERROR] LogOutputStream:75 - [STDERR_REDIRECT] 
2025-09-02 07:56:43,767 [ERROR] LogOutputStream:75 - [STDERR_REDIRECT] [Fatal Error] :1:1: Premature end of file.
2025-09-02 07:56:43,767 [ERROR] LogOutputStream:75 - [STDERR_REDIRECT] 
2025-09-02 07:56:44,767 [ERROR] LogOutputStream:75 - [STDERR_REDIRECT] [Fatal Error] :1:1: Premature end of file.
2025-09-02 07:56:44,768 [ERROR] LogOutputStream:75 - [STDERR_REDIRECT] 
2025-09-02 07:56:45,766 [ERROR] LogOutputStream:75 - [STDERR_REDIRECT] [Fatal Error] :1:1: Premature end of file.
2025-09-02 07:56:45,766 [ERROR] LogOutputStream:75 - [STDERR_REDIRECT] 
2025-09-02 07:56:46,769 [ERROR] LogOutputStream:75 - [STDERR_REDIRECT] [Fatal Error] :1:1: Premature end of file.
2025-09-02 07:56:46,769 [ERROR] LogOutputStream:75 - [STDERR_REDIRECT] 
2025-09-02 07:56:47,763 [ERROR] LogOutputStream:75 - [STDERR_REDIRECT] [Fatal Error] :1:1: Premature end of file.
2025-09-02 07:56:47,763 [ERROR] LogOutputStream:75 - [STDERR_REDIRECT] 
2025-09-02 07:56:48,779 [ERROR] LogOutputStream:75 - [STDERR_REDIRECT] [Fatal Error] :1:1: Premature end of file.
2025-09-02 07:56:48,779 [ERROR] LogOutputStream:75 - [STDERR_REDIRECT] 
2025-09-02 07:56:49,762 [ERROR] LogOutputStream:75 - [STDERR_REDIRECT] [Fatal Error] :1:1: Premature end of file.
2025-09-02 07:56:49,762 [ERROR] LogOutputStream:75 - [STDERR_REDIRECT] 
2025-09-02 07:56:50,762 [ERROR] LogOutputStream:75 - [STDERR_REDIRECT] [Fatal Error] :1:1: Premature end of file.
2025-09-02 07:56:50,762 [ERROR] LogOutputStream:75 - [STDERR_REDIRECT] 
2025-09-02 07:56:51,762 [ERROR] LogOutputStream:75 - [STDERR_REDIRECT] [Fatal Error] :1:1: Premature end of file.
2025-09-02 07:56:51,762 [ERROR] LogOutputStream:75 - [STDERR_REDIRECT] 
2025-09-02 07:56:52,776 [ERROR] LogOutputStream:75 - [STDERR_REDIRECT] [Fatal Error] :1:1: Premature end of file.
2025-09-02 07:56:52,776 [ERROR] LogOutputStream:75 - [STDERR_REDIRECT] 
2025-09-02 07:56:53,763 [ERROR] LogOutputStream:75 - [STDERR_REDIRECT] [Fatal Error] :1:1: Premature end of file.
2025-09-02 07:56:53,763 [ERROR] LogOutputStream:75 - [STDERR_REDIRECT] 
2025-09-02 07:56:54,764 [ERROR] LogOutputStream:75 - [STDERR_REDIRECT] [Fatal Error] :1:1: Premature end of file.
2025-09-02 07:56:54,765 [ERROR] LogOutputStream:75 - [STDERR_REDIRECT] 
2025-09-02 07:56:55,762 [ERROR] LogOutputStream:75 - [STDERR_REDIRECT] [Fatal Error] :1:1: Premature end of file.
2025-09-02 07:56:55,762 [ERROR] LogOutputStream:75 - [STDERR_REDIRECT] 
2025-09-02 07:56:56,763 [ERROR] LogOutputStream:75 - [STDERR_REDIRECT] [Fatal Error] :1:1: Premature end of file.
2025-09-02 07:56:56,763 [ERROR] LogOutputStream:75 - [STDERR_REDIRECT] 
2025-09-02 07:56:57,763 [ERROR] LogOutputStream:75 - [STDERR_REDIRECT] [Fatal Error] :1:1: Premature end of file.
2025-09-02 07:56:57,764 [ERROR] LogOutputStream:75 - [STDERR_REDIRECT] 
2025-09-02 07:56:58,762 [ERROR] LogOutputStream:75 - [STDERR_REDIRECT] [Fatal Error] :1:1: Premature end of file.
2025-09-02 07:56:58,762 [ERROR] LogOutputStream:75 - [STDERR_REDIRECT] 
2025-09-02 07:56:59,772 [ERROR] LogOutputStream:75 - [STDERR_REDIRECT] [Fatal Error] :1:1: Premature end of file.
2025-09-02 07:56:59,772 [ERROR] LogOutputStream:75 - [STDERR_REDIRECT] 
2025-09-02 07:57:00,762 [ERROR] LogOutputStream:75 - [STDERR_REDIRECT] [Fatal Error] :1:1: Premature end of file.
2025-09-02 07:57:00,762 [ERROR] LogOutputStream:75 - [STDERR_REDIRECT] 
2025-09-02 07:57:01,763 [ERROR] LogOutputStream:75 - [STDERR_REDIRECT] [Fatal Error] :1:1: Premature end of file.
2025-09-02 07:57:01,763 [ERROR] LogOutputStream:75 - [STDERR_REDIRECT] 
2025-09-02 07:57:02,762 [ERROR] LogOutputStream:75 - [STDERR_REDIRECT] [Fatal Error] :1:1: Premature end of file.
2025-09-02 07:57:02,762 [ERROR] LogOutputStream:75 - [STDERR_REDIRECT] 
2025-09-02 07:57:03,762 [ERROR] LogOutputStream:75 - [STDERR_REDIRECT] [Fatal Error] :1:1: Premature end of file.
2025-09-02 07:57:03,764 [ERROR] LogOutputStream:75 - [STDERR_REDIRECT] 
2025-09-02 07:57:04,761 [ERROR] LogOutputStream:75 - [STDERR_REDIRECT] [Fatal Error] :1:1: Premature end of file.
2025-09-02 07:57:04,761 [ERROR] LogOutputStream:75 - [STDERR_REDIRECT] 
2025-09-02 07:57:05,765 [ERROR] LogOutputStream:75 - [STDERR_REDIRECT] [Fatal Error] :1:1: Premature end of file.
2025-09-02 07:57:05,765 [ERROR] LogOutputStream:75 - [STDERR_REDIRECT] 
2025-09-02 07:57:06,765 [ERROR] LogOutputStream:75 - [STDERR_REDIRECT] [Fatal Error] :1:1: Premature end of file.
2025-09-02 07:57:06,766 [ERROR] LogOutputStream:75 - [STDERR_REDIRECT] 
2025-09-02 07:57:07,764 [ERROR] LogOutputStream:75 - [STDERR_REDIRECT] [Fatal Error] :1:1: Premature end of file.
2025-09-02 07:57:07,764 [ERROR] LogOutputStream:75 - [STDERR_REDIRECT] 
2025-09-02 07:57:08,776 [ERROR] LogOutputStream:75 - [STDERR_REDIRECT] [Fatal Error] :1:1: Premature end of file.
2025-09-02 07:57:08,776 [ERROR] LogOutputStream:75 - [STDERR_REDIRECT] 
2025-09-02 07:57:09,765 [ERROR] LogOutputStream:75 - [STDERR_REDIRECT] [Fatal Error] :1:1: Premature end of file.
2025-09-02 07:57:09,765 [ERROR] LogOutputStream:75 - [STDERR_REDIRECT] 
2025-09-02 07:57:10,775 [ERROR] LogOutputStream:75 - [STDERR_REDIRECT] [Fatal Error] :1:1: Premature end of file.
2025-09-02 07:57:10,777 [ERROR] LogOutputStream:75 - [STDERR_REDIRECT] 
2025-09-02 07:57:11,765 [ERROR] LogOutputStream:75 - [STDERR_REDIRECT] [Fatal Error] :1:1: Premature end of file.
2025-09-02 07:57:11,765 [ERROR] LogOutputStream:75 - [STDERR_REDIRECT] 
2025-09-02 07:57:12,768 [ERROR] LogOutputStream:75 - [STDERR_REDIRECT] [Fatal Error] :1:1: Premature end of file.
2025-09-02 07:57:12,768 [ERROR] LogOutputStream:75 - [STDERR_REDIRECT] 
2025-09-02 07:57:13,763 [ERROR] LogOutputStream:75 - [STDERR_REDIRECT] [Fatal Error] :1:1: Premature end of file.
2025-09-02 07:57:13,763 [ERROR] LogOutputStream:75 - [STDERR_REDIRECT] 
2025-09-02 07:57:14,768 [ERROR] LogOutputStream:75 - [STDERR_REDIRECT] [Fatal Error] :1:1: Premature end of file.
2025-09-02 07:57:14,768 [ERROR] LogOutputStream:75 - [STDERR_REDIRECT] 
2025-09-02 07:57:15,766 [ERROR] LogOutputStream:75 - [STDERR_REDIRECT] [Fatal Error] :1:1: Premature end of file.
2025-09-02 07:57:15,767 [ERROR] LogOutputStream:75 - [STDERR_REDIRECT] 
2025-09-02 07:57:16,762 [ERROR] LogOutputStream:75 - [STDERR_REDIRECT] [Fatal Error] :1:1: Premature end of file.
2025-09-02 07:57:16,762 [ERROR] LogOutputStream:75 - [STDERR_REDIRECT] 
2025-09-02 07:57:17,762 [ERROR] LogOutputStream:75 - [STDERR_REDIRECT] [Fatal Error] :1:1: Premature end of file.
2025-09-02 07:57:17,762 [ERROR] LogOutputStream:75 - [STDERR_REDIRECT] 
2025-09-02 07:57:18,762 [ERROR] LogOutputStream:75 - [STDERR_REDIRECT] [Fatal Error] :1:1: Premature end of file.
2025-09-02 07:57:18,763 [ERROR] LogOutputStream:75 - [STDERR_REDIRECT] 
2025-09-02 07:57:19,762 [ERROR] LogOutputStream:75 - [STDERR_REDIRECT] [Fatal Error] :1:1: Premature end of file.
2025-09-02 07:57:19,764 [ERROR] LogOutputStream:75 - [STDERR_REDIRECT] 
2025-09-02 07:57:20,761 [ERROR] LogOutputStream:75 - [STDERR_REDIRECT] [Fatal Error] :1:1: Premature end of file.
2025-09-02 07:57:20,762 [ERROR] LogOutputStream:75 - [STDERR_REDIRECT] 
2025-09-02 07:57:21,762 [ERROR] LogOutputStream:75 - [STDERR_REDIRECT] [Fatal Error] :1:1: Premature end of file.
2025-09-02 07:57:21,762 [ERROR] LogOutputStream:75 - [STDERR_REDIRECT] 
2025-09-02 07:57:22,764 [ERROR] LogOutputStream:75 - [STDERR_REDIRECT] [Fatal Error] :1:1: Premature end of file.
2025-09-02 07:57:22,764 [ERROR] LogOutputStream:75 - [STDERR_REDIRECT] 
2025-09-02 07:57:23,764 [ERROR] LogOutputStream:75 - [STDERR_REDIRECT] [Fatal Error] :1:1: Premature end of file.
2025-09-02 07:57:23,764 [ERROR] LogOutputStream:75 - [STDERR_REDIRECT] 
2025-09-02 07:57:24,764 [ERROR] LogOutputStream:75 - [STDERR_REDIRECT] [Fatal Error] :1:1: Premature end of file.
2025-09-02 07:57:24,764 [ERROR] LogOutputStream:75 - [STDERR_REDIRECT] 
2025-09-02 07:57:25,763 [ERROR] LogOutputStream:75 - [STDERR_REDIRECT] [Fatal Error] :1:1: Premature end of file.
2025-09-02 07:57:25,763 [ERROR] LogOutputStream:75 - [STDERR_REDIRECT] 
2025-09-02 07:57:26,762 [ERROR] LogOutputStream:75 - [STDERR_REDIRECT] [Fatal Error] :1:1: Premature end of file.
2025-09-02 07:57:26,762 [ERROR] LogOutputStream:75 - [STDERR_REDIRECT] 
2025-09-02 07:57:27,762 [ERROR] LogOutputStream:75 - [STDERR_REDIRECT] [Fatal Error] :1:1: Premature end of file.
2025-09-02 07:57:27,762 [ERROR] LogOutputStream:75 - [STDERR_REDIRECT] 
2025-09-02 07:57:28,763 [ERROR] LogOutputStream:75 - [STDERR_REDIRECT] [Fatal Error] :1:1: Premature end of file.
2025-09-02 07:57:28,763 [ERROR] LogOutputStream:75 - [STDERR_REDIRECT] 
2025-09-02 07:57:29,762 [ERROR] LogOutputStream:75 - [STDERR_REDIRECT] [Fatal Error] :1:1: Premature end of file.
2025-09-02 07:57:29,762 [ERROR] LogOutputStream:75 - [STDERR_REDIRECT] 
2025-09-02 07:57:30,764 [ERROR] LogOutputStream:75 - [STDERR_REDIRECT] [Fatal Error] :1:1: Premature end of file.
2025-09-02 07:57:30,764 [ERROR] LogOutputStream:75 - [STDERR_REDIRECT] 
2025-09-02 07:57:31,763 [ERROR] LogOutputStream:75 - [STDERR_REDIRECT] [Fatal Error] :1:1: Premature end of file.
2025-09-02 07:57:31,763 [ERROR] LogOutputStream:75 - [STDERR_REDIRECT] 
2025-09-02 07:57:32,763 [ERROR] LogOutputStream:75 - [STDERR_REDIRECT] [Fatal Error] :1:1: Premature end of file.
2025-09-02 07:57:32,763 [ERROR] LogOutputStream:75 - [STDERR_REDIRECT] 
2025-09-02 07:57:33,764 [ERROR] LogOutputStream:75 - [STDERR_REDIRECT] [Fatal Error] :1:1: Premature end of file.
2025-09-02 07:57:33,764 [ERROR] LogOutputStream:75 - [STDERR_REDIRECT] 
2025-09-02 07:57:34,763 [ERROR] LogOutputStream:75 - [STDERR_REDIRECT] [Fatal Error] :1:1: Premature end of file.
2025-09-02 07:57:34,763 [ERROR] LogOutputStream:75 - [STDERR_REDIRECT] 
2025-09-02 07:57:35,763 [ERROR] LogOutputStream:75 - [STDERR_REDIRECT] [Fatal Error] :1:1: Premature end of file.
2025-09-02 07:57:35,763 [ERROR] LogOutputStream:75 - [STDERR_REDIRECT] 
2025-09-02 07:57:36,765 [ERROR] LogOutputStream:75 - [STDERR_REDIRECT] [Fatal Error] :1:1: Premature end of file.
2025-09-02 07:57:36,765 [ERROR] LogOutputStream:75 - [STDERR_REDIRECT] 
2025-09-02 07:57:37,763 [ERROR] LogOutputStream:75 - [STDERR_REDIRECT] [Fatal Error] :1:1: Premature end of file.
2025-09-02 07:57:37,763 [ERROR] LogOutputStream:75 - [STDERR_REDIRECT] 
2025-09-02 07:57:38,762 [ERROR] LogOutputStream:75 - [STDERR_REDIRECT] [Fatal Error] :1:1: Premature end of file.
2025-09-02 07:57:38,762 [ERROR] LogOutputStream:75 - [STDERR_REDIRECT] 
2025-09-02 07:57:39,764 [ERROR] LogOutputStream:75 - [STDERR_REDIRECT] [Fatal Error] :1:1: Premature end of file.
2025-09-02 07:57:39,764 [ERROR] LogOutputStream:75 - [STDERR_REDIRECT] 
2025-09-02 07:57:40,763 [ERROR] LogOutputStream:75 - [STDERR_REDIRECT] [Fatal Error] :1:1: Premature end of file.
2025-09-02 07:57:40,763 [ERROR] LogOutputStream:75 - [STDERR_REDIRECT] 
2025-09-02 07:57:41,763 [ERROR] LogOutputStream:75 - [STDERR_REDIRECT] [Fatal Error] :1:1: Premature end of file.
2025-09-02 07:57:41,764 [ERROR] LogOutputStream:75 - [STDERR_REDIRECT] 
2025-09-02 07:57:42,763 [ERROR] LogOutputStream:75 - [STDERR_REDIRECT] [Fatal Error] :1:1: Premature end of file.
2025-09-02 07:57:42,764 [ERROR] LogOutputStream:75 - [STDERR_REDIRECT] 
2025-09-02 07:57:43,762 [ERROR] LogOutputStream:75 - [STDERR_REDIRECT] [Fatal Error] :1:1: Premature end of file.
2025-09-02 07:57:43,762 [ERROR] LogOutputStream:75 - [STDERR_REDIRECT] 
2025-09-02 07:57:44,763 [ERROR] LogOutputStream:75 - [STDERR_REDIRECT] [Fatal Error] :1:1: Premature end of file.
2025-09-02 07:57:44,763 [ERROR] LogOutputStream:75 - [STDERR_REDIRECT] 
2025-09-02 07:57:45,763 [ERROR] LogOutputStream:75 - [STDERR_REDIRECT] [Fatal Error] :1:1: Premature end of file.
2025-09-02 07:57:45,763 [ERROR] LogOutputStream:75 - [STDERR_REDIRECT] 
2025-09-02 07:57:46,762 [ERROR] LogOutputStream:75 - [STDERR_REDIRECT] [Fatal Error] :1:1: Premature end of file.
2025-09-02 07:57:46,762 [ERROR] LogOutputStream:75 - [STDERR_REDIRECT] 
2025-09-02 07:57:47,762 [ERROR] LogOutputStream:75 - [STDERR_REDIRECT] [Fatal Error] :1:1: Premature end of file.
2025-09-02 07:57:47,762 [ERROR] LogOutputStream:75 - [STDERR_REDIRECT] 
2025-09-02 07:57:48,764 [ERROR] LogOutputStream:75 - [STDERR_REDIRECT] [Fatal Error] :1:1: Premature end of file.
2025-09-02 07:57:48,764 [ERROR] LogOutputStream:75 - [STDERR_REDIRECT] 
2025-09-02 07:57:49,780 [ERROR] LogOutputStream:75 - [STDERR_REDIRECT] [Fatal Error] :1:1: Premature end of file.
2025-09-02 07:57:49,781 [ERROR] LogOutputStream:75 - [STDERR_REDIRECT] 
2025-09-02 07:57:50,762 [ERROR] LogOutputStream:75 - [STDERR_REDIRECT] [Fatal Error] :1:1: Premature end of file.
2025-09-02 07:57:50,763 [ERROR] LogOutputStream:75 - [STDERR_REDIRECT] 
2025-09-02 07:57:51,763 [ERROR] LogOutputStream:75 - [STDERR_REDIRECT] [Fatal Error] :1:1: Premature end of file.
2025-09-02 07:57:51,764 [ERROR] LogOutputStream:75 - [STDERR_REDIRECT] 
2025-09-02 07:57:52,763 [ERROR] LogOutputStream:75 - [STDERR_REDIRECT] [Fatal Error] :1:1: Premature end of file.
2025-09-02 07:57:52,764 [ERROR] LogOutputStream:75 - [STDERR_REDIRECT] 
2025-09-02 07:57:53,762 [ERROR] LogOutputStream:75 - [STDERR_REDIRECT] [Fatal Error] :1:1: Premature end of file.
2025-09-02 07:57:53,763 [ERROR] LogOutputStream:75 - [STDERR_REDIRECT] 
2025-09-02 07:57:54,763 [ERROR] LogOutputStream:75 - [STDERR_REDIRECT] [Fatal Error] :1:1: Premature end of file.
2025-09-02 07:57:54,763 [ERROR] LogOutputStream:75 - [STDERR_REDIRECT] 
2025-09-02 07:57:55,763 [ERROR] LogOutputStream:75 - [STDERR_REDIRECT] [Fatal Error] :1:1: Premature end of file.
2025-09-02 07:57:55,763 [ERROR] LogOutputStream:75 - [STDERR_REDIRECT] 
2025-09-02 07:57:56,764 [ERROR] LogOutputStream:75 - [STDERR_REDIRECT] [Fatal Error] :1:1: Premature end of file.
2025-09-02 07:57:56,764 [ERROR] LogOutputStream:75 - [STDERR_REDIRECT] 
2025-09-02 07:57:57,762 [ERROR] LogOutputStream:75 - [STDERR_REDIRECT] [Fatal Error] :1:1: Premature end of file.
2025-09-02 07:57:57,762 [ERROR] LogOutputStream:75 - [STDERR_REDIRECT] 
2025-09-02 07:57:58,762 [ERROR] LogOutputStream:75 - [STDERR_REDIRECT] [Fatal Error] :1:1: Premature end of file.
2025-09-02 07:57:58,762 [ERROR] LogOutputStream:75 - [STDERR_REDIRECT] 
2025-09-02 07:57:59,762 [ERROR] LogOutputStream:75 - [STDERR_REDIRECT] [Fatal Error] :1:1: Premature end of file.
2025-09-02 07:57:59,762 [ERROR] LogOutputStream:75 - [STDERR_REDIRECT] 
2025-09-02 07:58:00,763 [ERROR] LogOutputStream:75 - [STDERR_REDIRECT] [Fatal Error] :1:1: Premature end of file.
2025-09-02 07:58:00,763 [ERROR] LogOutputStream:75 - [STDERR_REDIRECT] 
2025-09-02 07:58:01,763 [ERROR] LogOutputStream:75 - [STDERR_REDIRECT] [Fatal Error] :1:1: Premature end of file.
2025-09-02 07:58:01,763 [ERROR] LogOutputStream:75 - [STDERR_REDIRECT] 
2025-09-02 07:58:02,763 [ERROR] LogOutputStream:75 - [STDERR_REDIRECT] [Fatal Error] :1:1: Premature end of file.
2025-09-02 07:58:02,763 [ERROR] LogOutputStream:75 - [STDERR_REDIRECT] 
2025-09-02 07:58:03,764 [ERROR] LogOutputStream:75 - [STDERR_REDIRECT] [Fatal Error] :1:1: Premature end of file.
2025-09-02 07:58:03,764 [ERROR] LogOutputStream:75 - [STDERR_REDIRECT] 
2025-09-02 07:58:04,761 [ERROR] LogOutputStream:75 - [STDERR_REDIRECT] [Fatal Error] :1:1: Premature end of file.
2025-09-02 07:58:04,762 [ERROR] LogOutputStream:75 - [STDERR_REDIRECT] 
2025-09-02 07:58:05,763 [ERROR] LogOutputStream:75 - [STDERR_REDIRECT] [Fatal Error] :1:1: Premature end of file.
2025-09-02 07:58:05,763 [ERROR] LogOutputStream:75 - [STDERR_REDIRECT] 
2025-09-02 07:58:06,763 [ERROR] LogOutputStream:75 - [STDERR_REDIRECT] [Fatal Error] :1:1: Premature end of file.
2025-09-02 07:58:06,763 [ERROR] LogOutputStream:75 - [STDERR_REDIRECT] 
2025-09-02 07:58:07,764 [ERROR] LogOutputStream:75 - [STDERR_REDIRECT] [Fatal Error] :1:1: Premature end of file.
2025-09-02 07:58:07,764 [ERROR] LogOutputStream:75 - [STDERR_REDIRECT] 
2025-09-02 07:58:08,761 [ERROR] LogOutputStream:75 - [STDERR_REDIRECT] [Fatal Error] :1:1: Premature end of file.
2025-09-02 07:58:08,761 [ERROR] LogOutputStream:75 - [STDERR_REDIRECT] 
2025-09-02 07:58:09,773 [ERROR] LogOutputStream:75 - [STDERR_REDIRECT] [Fatal Error] :1:1: Premature end of file.
2025-09-02 07:58:09,773 [ERROR] LogOutputStream:75 - [STDERR_REDIRECT] 
2025-09-02 07:58:10,762 [ERROR] LogOutputStream:75 - [STDERR_REDIRECT] [Fatal Error] :1:1: Premature end of file.
2025-09-02 07:58:10,762 [ERROR] LogOutputStream:75 - [STDERR_REDIRECT] 
2025-09-02 07:58:11,766 [ERROR] LogOutputStream:75 - [STDERR_REDIRECT] [Fatal Error] :1:1: Premature end of file.
2025-09-02 07:58:11,767 [ERROR] LogOutputStream:75 - [STDERR_REDIRECT] 
2025-09-02 07:58:12,764 [ERROR] LogOutputStream:75 - [STDERR_REDIRECT] [Fatal Error] :1:1: Premature end of file.
2025-09-02 07:58:12,764 [ERROR] LogOutputStream:75 - [STDERR_REDIRECT] 
2025-09-02 07:58:13,763 [ERROR] LogOutputStream:75 - [STDERR_REDIRECT] [Fatal Error] :1:1: Premature end of file.
2025-09-02 07:58:13,763 [ERROR] LogOutputStream:75 - [STDERR_REDIRECT] 
2025-09-02 07:58:14,762 [ERROR] LogOutputStream:75 - [STDERR_REDIRECT] [Fatal Error] :1:1: Premature end of file.
2025-09-02 07:58:14,762 [ERROR] LogOutputStream:75 - [STDERR_REDIRECT] 
2025-09-02 07:58:15,762 [ERROR] LogOutputStream:75 - [STDERR_REDIRECT] [Fatal Error] :1:1: Premature end of file.
2025-09-02 07:58:15,763 [ERROR] LogOutputStream:75 - [STDERR_REDIRECT] 
2025-09-02 07:58:16,764 [ERROR] LogOutputStream:75 - [STDERR_REDIRECT] [Fatal Error] :1:1: Premature end of file.
2025-09-02 07:58:16,764 [ERROR] LogOutputStream:75 - [STDERR_REDIRECT] 
2025-09-02 07:58:17,763 [ERROR] LogOutputStream:75 - [STDERR_REDIRECT] [Fatal Error] :1:1: Premature end of file.
2025-09-02 07:58:17,763 [ERROR] LogOutputStream:75 - [STDERR_REDIRECT] 
2025-09-02 07:58:18,762 [ERROR] LogOutputStream:75 - [STDERR_REDIRECT] [Fatal Error] :1:1: Premature end of file.
2025-09-02 07:58:18,763 [ERROR] LogOutputStream:75 - [STDERR_REDIRECT] 
2025-09-02 07:58:19,761 [ERROR] LogOutputStream:75 - [STDERR_REDIRECT] [Fatal Error] :1:1: Premature end of file.
2025-09-02 07:58:19,761 [ERROR] LogOutputStream:75 - [STDERR_REDIRECT] 
2025-09-02 07:58:20,764 [ERROR] LogOutputStream:75 - [STDERR_REDIRECT] [Fatal Error] :1:1: Premature end of file.
2025-09-02 07:58:20,766 [ERROR] LogOutputStream:75 - [STDERR_REDIRECT] 
2025-09-02 07:58:21,762 [ERROR] LogOutputStream:75 - [STDERR_REDIRECT] [Fatal Error] :1:1: Premature end of file.
2025-09-02 07:58:21,762 [ERROR] LogOutputStream:75 - [STDERR_REDIRECT] 
2025-09-02 07:58:22,762 [ERROR] LogOutputStream:75 - [STDERR_REDIRECT] [Fatal Error] :1:1: Premature end of file.
2025-09-02 07:58:22,762 [ERROR] LogOutputStream:75 - [STDERR_REDIRECT] 
2025-09-02 07:58:23,762 [ERROR] LogOutputStream:75 - [STDERR_REDIRECT] [Fatal Error] :1:1: Premature end of file.
2025-09-02 07:58:23,763 [ERROR] LogOutputStream:75 - [STDERR_REDIRECT] 
2025-09-02 07:58:24,763 [ERROR] LogOutputStream:75 - [STDERR_REDIRECT] [Fatal Error] :1:1: Premature end of file.
2025-09-02 07:58:24,763 [ERROR] LogOutputStream:75 - [STDERR_REDIRECT] 
2025-09-02 07:58:25,762 [ERROR] LogOutputStream:75 - [STDERR_REDIRECT] [Fatal Error] :1:1: Premature end of file.
2025-09-02 07:58:25,762 [ERROR] LogOutputStream:75 - [STDERR_REDIRECT] 
2025-09-02 07:58:26,763 [ERROR] LogOutputStream:75 - [STDERR_REDIRECT] [Fatal Error] :1:1: Premature end of file.
2025-09-02 07:58:26,763 [ERROR] LogOutputStream:75 - [STDERR_REDIRECT] 
2025-09-02 07:58:27,762 [ERROR] LogOutputStream:75 - [STDERR_REDIRECT] [Fatal Error] :1:1: Premature end of file.
2025-09-02 07:58:27,762 [ERROR] LogOutputStream:75 - [STDERR_REDIRECT] 
2025-09-02 07:58:28,762 [ERROR] LogOutputStream:75 - [STDERR_REDIRECT] [Fatal Error] :1:1: Premature end of file.
2025-09-02 07:58:28,763 [ERROR] LogOutputStream:75 - [STDERR_REDIRECT] 
2025-09-02 07:58:29,763 [ERROR] LogOutputStream:75 - [STDERR_REDIRECT] [Fatal Error] :1:1: Premature end of file.
2025-09-02 07:58:29,764 [ERROR] LogOutputStream:75 - [STDERR_REDIRECT] 
2025-09-02 07:58:30,762 [ERROR] LogOutputStream:75 - [STDERR_REDIRECT] [Fatal Error] :1:1: Premature end of file.
2025-09-02 07:58:30,762 [ERROR] LogOutputStream:75 - [STDERR_REDIRECT] 
2025-09-02 07:58:31,762 [ERROR] LogOutputStream:75 - [STDERR_REDIRECT] [Fatal Error] :1:1: Premature end of file.
2025-09-02 07:58:31,762 [ERROR] LogOutputStream:75 - [STDERR_REDIRECT] 
2025-09-02 07:58:32,763 [ERROR] LogOutputStream:75 - [STDERR_REDIRECT] [Fatal Error] :1:1: Premature end of file.
2025-09-02 07:58:32,764 [ERROR] LogOutputStream:75 - [STDERR_REDIRECT] 
2025-09-02 07:58:33,762 [ERROR] LogOutputStream:75 - [STDERR_REDIRECT] [Fatal Error] :1:1: Premature end of file.
2025-09-02 07:58:33,762 [ERROR] LogOutputStream:75 - [STDERR_REDIRECT] 
2025-09-02 07:58:34,761 [ERROR] LogOutputStream:75 - [STDERR_REDIRECT] [Fatal Error] :1:1: Premature end of file.
2025-09-02 07:58:34,761 [ERROR] LogOutputStream:75 - [STDERR_REDIRECT] 
2025-09-02 07:58:35,763 [ERROR] LogOutputStream:75 - [STDERR_REDIRECT] [Fatal Error] :1:1: Premature end of file.
2025-09-02 07:58:35,763 [ERROR] LogOutputStream:75 - [STDERR_REDIRECT] 
2025-09-02 07:58:36,763 [ERROR] LogOutputStream:75 - [STDERR_REDIRECT] [Fatal Error] :1:1: Premature end of file.
2025-09-02 07:58:36,763 [ERROR] LogOutputStream:75 - [STDERR_REDIRECT] 
2025-09-02 07:58:37,762 [ERROR] LogOutputStream:75 - [STDERR_REDIRECT] [Fatal Error] :1:1: Premature end of file.
2025-09-02 07:58:37,762 [ERROR] LogOutputStream:75 - [STDERR_REDIRECT] 
2025-09-02 07:58:38,762 [ERROR] LogOutputStream:75 - [STDERR_REDIRECT] [Fatal Error] :1:1: Premature end of file.
2025-09-02 07:58:38,762 [ERROR] LogOutputStream:75 - [STDERR_REDIRECT] 
2025-09-02 07:58:39,762 [ERROR] LogOutputStream:75 - [STDERR_REDIRECT] [Fatal Error] :1:1: Premature end of file.
2025-09-02 07:58:39,763 [ERROR] LogOutputStream:75 - [STDERR_REDIRECT] 
2025-09-02 07:58:40,762 [ERROR] LogOutputStream:75 - [STDERR_REDIRECT] [Fatal Error] :1:1: Premature end of file.
2025-09-02 07:58:40,762 [ERROR] LogOutputStream:75 - [STDERR_REDIRECT] 
2025-09-02 07:58:41,761 [ERROR] LogOutputStream:75 - [STDERR_REDIRECT] [Fatal Error] :1:1: Premature end of file.
2025-09-02 07:58:41,762 [ERROR] LogOutputStream:75 - [STDERR_REDIRECT] 
2025-09-02 07:58:42,763 [ERROR] LogOutputStream:75 - [STDERR_REDIRECT] [Fatal Error] :1:1: Premature end of file.
2025-09-02 07:58:42,763 [ERROR] LogOutputStream:75 - [STDERR_REDIRECT] 
2025-09-02 07:58:43,761 [ERROR] LogOutputStream:75 - [STDERR_REDIRECT] [Fatal Error] :1:1: Premature end of file.
2025-09-02 07:58:43,762 [ERROR] LogOutputStream:75 - [STDERR_REDIRECT] 
2025-09-02 07:58:44,762 [ERROR] LogOutputStream:75 - [STDERR_REDIRECT] [Fatal Error] :1:1: Premature end of file.
2025-09-02 07:58:44,763 [ERROR] LogOutputStream:75 - [STDERR_REDIRECT] 
2025-09-02 07:58:45,761 [ERROR] LogOutputStream:75 - [STDERR_REDIRECT] [Fatal Error] :1:1: Premature end of file.
2025-09-02 07:58:45,762 [ERROR] LogOutputStream:75 - [STDERR_REDIRECT] 
2025-09-02 07:58:46,762 [ERROR] LogOutputStream:75 - [STDERR_REDIRECT] [Fatal Error] :1:1: Premature end of file.
2025-09-02 07:58:46,763 [ERROR] LogOutputStream:75 - [STDERR_REDIRECT] 
2025-09-02 07:58:47,763 [ERROR] LogOutputStream:75 - [STDERR_REDIRECT] [Fatal Error] :1:1: Premature end of file.
2025-09-02 07:58:47,763 [ERROR] LogOutputStream:75 - [STDERR_REDIRECT] 
2025-09-02 07:58:48,762 [ERROR] LogOutputStream:75 - [STDERR_REDIRECT] [Fatal Error] :1:1: Premature end of file.
2025-09-02 07:58:48,762 [ERROR] LogOutputStream:75 - [STDERR_REDIRECT] 
2025-09-02 07:58:49,762 [ERROR] LogOutputStream:75 - [STDERR_REDIRECT] [Fatal Error] :1:1: Premature end of file.
2025-09-02 07:58:49,762 [ERROR] LogOutputStream:75 - [STDERR_REDIRECT] 
2025-09-02 07:58:50,763 [ERROR] LogOutputStream:75 - [STDERR_REDIRECT] [Fatal Error] :1:1: Premature end of file.
2025-09-02 07:58:50,763 [ERROR] LogOutputStream:75 - [STDERR_REDIRECT] 
2025-09-02 07:58:51,763 [ERROR] LogOutputStream:75 - [STDERR_REDIRECT] [Fatal Error] :1:1: Premature end of file.
2025-09-02 07:58:51,763 [ERROR] LogOutputStream:75 - [STDERR_REDIRECT] 
2025-09-02 07:58:52,762 [ERROR] LogOutputStream:75 - [STDERR_REDIRECT] [Fatal Error] :1:1: Premature end of file.
2025-09-02 07:58:52,763 [ERROR] LogOutputStream:75 - [STDERR_REDIRECT] 
2025-09-02 07:58:53,762 [ERROR] LogOutputStream:75 - [STDERR_REDIRECT] [Fatal Error] :1:1: Premature end of file.
2025-09-02 07:58:53,762 [ERROR] LogOutputStream:75 - [STDERR_REDIRECT] 
2025-09-02 07:58:54,763 [ERROR] LogOutputStream:75 - [STDERR_REDIRECT] [Fatal Error] :1:1: Premature end of file.
2025-09-02 07:58:54,764 [ERROR] LogOutputStream:75 - [STDERR_REDIRECT] 
2025-09-02 07:58:55,763 [ERROR] LogOutputStream:75 - [STDERR_REDIRECT] [Fatal Error] :1:1: Premature end of file.
2025-09-02 07:58:55,763 [ERROR] LogOutputStream:75 - [STDERR_REDIRECT] 
2025-09-02 07:58:56,762 [ERROR] LogOutputStream:75 - [STDERR_REDIRECT] [Fatal Error] :1:1: Premature end of file.
2025-09-02 07:58:56,762 [ERROR] LogOutputStream:75 - [STDERR_REDIRECT] 
2025-09-02 07:58:57,762 [ERROR] LogOutputStream:75 - [STDERR_REDIRECT] [Fatal Error] :1:1: Premature end of file.
2025-09-02 07:58:57,763 [ERROR] LogOutputStream:75 - [STDERR_REDIRECT] 
2025-09-02 07:58:58,766 [ERROR] LogOutputStream:75 - [STDERR_REDIRECT] [Fatal Error] :1:1: Premature end of file.
2025-09-02 07:58:58,766 [ERROR] LogOutputStream:75 - [STDERR_REDIRECT] 
2025-09-02 07:58:59,778 [ERROR] LogOutputStream:75 - [STDERR_REDIRECT] [Fatal Error] :1:1: Premature end of file.
2025-09-02 07:58:59,778 [ERROR] LogOutputStream:75 - [STDERR_REDIRECT] 
2025-09-02 07:59:00,781 [ERROR] LogOutputStream:75 - [STDERR_REDIRECT] [Fatal Error] :1:1: Premature end of file.
2025-09-02 07:59:00,782 [ERROR] LogOutputStream:75 - [STDERR_REDIRECT] 
2025-09-02 07:59:01,578 [ERROR] LogOutputStream:75 - [STDERR_REDIRECT] 
