ARM GAS  /tmp/ccVYr70B.s 			page 1


   1              		.cpu cortex-m3
   2              		.arch armv7-m
   3              		.fpu softvfp
   4              		.eabi_attribute 20, 1
   5              		.eabi_attribute 21, 1
   6              		.eabi_attribute 23, 3
   7              		.eabi_attribute 24, 1
   8              		.eabi_attribute 25, 1
   9              		.eabi_attribute 26, 1
  10              		.eabi_attribute 30, 1
  11              		.eabi_attribute 34, 1
  12              		.eabi_attribute 18, 4
  13              		.file	"main.c"
  14              		.text
  15              	.Ltext0:
  16              		.cfi_sections	.debug_frame
  17              		.file 1 "Core/Src/main.c"
  18              		.section	.text.MX_GPIO_Init,"ax",%progbits
  19              		.align	1
  20              		.syntax unified
  21              		.thumb
  22              		.thumb_func
  24              	MX_GPIO_Init:
  25              	.LFB68:
   1:Core/Src/main.c **** /* USER CODE BEGIN Header */
   2:Core/Src/main.c **** /**
   3:Core/Src/main.c ****  ******************************************************************************
   4:Core/Src/main.c ****  * @file           : main.c
   5:Core/Src/main.c ****  * @brief          : Main program body
   6:Core/Src/main.c ****  ******************************************************************************
   7:Core/Src/main.c ****  * @attention
   8:Core/Src/main.c ****  *
   9:Core/Src/main.c ****  * Copyright (c) 2025 STMicroelectronics.
  10:Core/Src/main.c ****  * All rights reserved.
  11:Core/Src/main.c ****  *
  12:Core/Src/main.c ****  * This software is licensed under terms that can be found in the LICENSE file
  13:Core/Src/main.c ****  * in the root directory of this software component.
  14:Core/Src/main.c ****  * If no LICENSE file comes with this software, it is provided AS-IS.
  15:Core/Src/main.c ****  *
  16:Core/Src/main.c ****  ******************************************************************************
  17:Core/Src/main.c ****  */
  18:Core/Src/main.c **** /* USER CODE END Header */
  19:Core/Src/main.c **** /* Includes ------------------------------------------------------------------*/
  20:Core/Src/main.c **** #include "main.h"
  21:Core/Src/main.c **** 
  22:Core/Src/main.c **** /* Private includes ----------------------------------------------------------*/
  23:Core/Src/main.c **** /* USER CODE BEGIN Includes */
  24:Core/Src/main.c **** 
  25:Core/Src/main.c **** /* USER CODE END Includes */
  26:Core/Src/main.c **** 
  27:Core/Src/main.c **** /* Private typedef -----------------------------------------------------------*/
  28:Core/Src/main.c **** /* USER CODE BEGIN PTD */
  29:Core/Src/main.c **** 
  30:Core/Src/main.c **** /* USER CODE END PTD */
  31:Core/Src/main.c **** 
  32:Core/Src/main.c **** /* Private define ------------------------------------------------------------*/
  33:Core/Src/main.c **** /* USER CODE BEGIN PD */
ARM GAS  /tmp/ccVYr70B.s 			page 2


  34:Core/Src/main.c **** 
  35:Core/Src/main.c **** /* USER CODE END PD */
  36:Core/Src/main.c **** 
  37:Core/Src/main.c **** /* Private macro -------------------------------------------------------------*/
  38:Core/Src/main.c **** /* USER CODE BEGIN PM */
  39:Core/Src/main.c **** 
  40:Core/Src/main.c **** /* USER CODE END PM */
  41:Core/Src/main.c **** 
  42:Core/Src/main.c **** /* Private variables ---------------------------------------------------------*/
  43:Core/Src/main.c **** UART_HandleTypeDef huart1;
  44:Core/Src/main.c **** 
  45:Core/Src/main.c **** /* USER CODE BEGIN PV */
  46:Core/Src/main.c **** 
  47:Core/Src/main.c **** /* USER CODE END PV */
  48:Core/Src/main.c **** 
  49:Core/Src/main.c **** /* Private function prototypes -----------------------------------------------*/
  50:Core/Src/main.c **** void SystemClock_Config(void);
  51:Core/Src/main.c **** static void MX_GPIO_Init(void);
  52:Core/Src/main.c **** static void MX_USART1_UART_Init(void);
  53:Core/Src/main.c **** /* USER CODE BEGIN PFP */
  54:Core/Src/main.c **** 
  55:Core/Src/main.c **** /* USER CODE END PFP */
  56:Core/Src/main.c **** 
  57:Core/Src/main.c **** /* Private user code ---------------------------------------------------------*/
  58:Core/Src/main.c **** /* USER CODE BEGIN 0 */
  59:Core/Src/main.c **** 
  60:Core/Src/main.c **** /* USER CODE END 0 */
  61:Core/Src/main.c **** 
  62:Core/Src/main.c **** /**
  63:Core/Src/main.c ****  * @brief  The application entry point.
  64:Core/Src/main.c ****  * @retval int
  65:Core/Src/main.c ****  */
  66:Core/Src/main.c **** int main(void) {
  67:Core/Src/main.c **** 
  68:Core/Src/main.c ****   /* USER CODE BEGIN 1 */
  69:Core/Src/main.c **** 
  70:Core/Src/main.c ****   /* USER CODE END 1 */
  71:Core/Src/main.c **** 
  72:Core/Src/main.c ****   /* MCU Configuration--------------------------------------------------------*/
  73:Core/Src/main.c **** 
  74:Core/Src/main.c ****   /* Reset of all peripherals, Initializes the Flash interface and the Systick.
  75:Core/Src/main.c ****    */
  76:Core/Src/main.c ****   HAL_Init();
  77:Core/Src/main.c **** 
  78:Core/Src/main.c ****   /* USER CODE BEGIN Init */
  79:Core/Src/main.c **** 
  80:Core/Src/main.c ****   /* USER CODE END Init */
  81:Core/Src/main.c **** 
  82:Core/Src/main.c ****   /* Configure the system clock */
  83:Core/Src/main.c ****   SystemClock_Config();
  84:Core/Src/main.c **** 
  85:Core/Src/main.c ****   /* USER CODE BEGIN SysInit */
  86:Core/Src/main.c **** 
  87:Core/Src/main.c ****   /* USER CODE END SysInit */
  88:Core/Src/main.c **** 
  89:Core/Src/main.c ****   /* Initialize all configured peripherals */
  90:Core/Src/main.c ****   MX_GPIO_Init();
ARM GAS  /tmp/ccVYr70B.s 			page 3


  91:Core/Src/main.c ****   MX_USART1_UART_Init();
  92:Core/Src/main.c ****   /* USER CODE BEGIN 2 */
  93:Core/Src/main.c ****   uint8_t message[] = "Hello world!\r\n";
  94:Core/Src/main.c ****   uint8_t rx_index = 0;
  95:Core/Src/main.c ****   uint8_t receivedMessage[12];
  96:Core/Src/main.c **** 
  97:Core/Src/main.c ****   /* USER CODE END 2 */
  98:Core/Src/main.c **** 
  99:Core/Src/main.c ****   /* Infinite loop */
 100:Core/Src/main.c ****   /* USER CODE BEGIN WHILE */
 101:Core/Src/main.c ****   while (1) {
 102:Core/Src/main.c ****     uint8_t messageByte[1];
 103:Core/Src/main.c **** 
 104:Core/Src/main.c ****     /* USER CODE END WHILE */
 105:Core/Src/main.c **** 
 106:Core/Src/main.c ****     /* USER CODE BEGIN 3 */
 107:Core/Src/main.c ****     // HAL_UART_Transmit(&huart1, message, strlen((char *)message), 1000);
 108:Core/Src/main.c ****     // HAL_Delay(3000);
 109:Core/Src/main.c **** 
 110:Core/Src/main.c ****     // (uint8_t *)&messageByte == &messageByte[0] == messageByte
 111:Core/Src/main.c ****     if (HAL_UART_Receive(&huart1, &messageByte[0], 1, HAL_MAX_DELAY) ==
 112:Core/Src/main.c ****         HAL_OK) {
 113:Core/Src/main.c ****       if (rx_index < 9) {
 114:Core/Src/main.c ****         receivedMessage[rx_index] = messageByte[0];
 115:Core/Src/main.c ****         rx_index++;
 116:Core/Src/main.c ****       } else {
 117:Core/Src/main.c ****         receivedMessage[rx_index] = '\r';
 118:Core/Src/main.c ****         receivedMessage[rx_index + 1] = '\n';
 119:Core/Src/main.c ****         receivedMessage[rx_index + 2] = '\0';
 120:Core/Src/main.c ****         HAL_UART_Transmit(&huart1, &receivedMessage[0],
 121:Core/Src/main.c ****                           strlen((char *)receivedMessage), 5000);
 122:Core/Src/main.c ****         rx_index = 0;
 123:Core/Src/main.c ****       }
 124:Core/Src/main.c ****     }
 125:Core/Src/main.c ****   }
 126:Core/Src/main.c ****   /* USER CODE END 3 */
 127:Core/Src/main.c **** }
 128:Core/Src/main.c **** 
 129:Core/Src/main.c **** /**
 130:Core/Src/main.c ****  * @brief System Clock Configuration
 131:Core/Src/main.c ****  * @retval None
 132:Core/Src/main.c ****  */
 133:Core/Src/main.c **** void SystemClock_Config(void) {
 134:Core/Src/main.c ****   RCC_OscInitTypeDef RCC_OscInitStruct = {0};
 135:Core/Src/main.c ****   RCC_ClkInitTypeDef RCC_ClkInitStruct = {0};
 136:Core/Src/main.c **** 
 137:Core/Src/main.c ****   /** Initializes the RCC Oscillators according to the specified parameters
 138:Core/Src/main.c ****    * in the RCC_OscInitTypeDef structure.
 139:Core/Src/main.c ****    */
 140:Core/Src/main.c ****   RCC_OscInitStruct.OscillatorType = RCC_OSCILLATORTYPE_HSI;
 141:Core/Src/main.c ****   RCC_OscInitStruct.HSIState = RCC_HSI_ON;
 142:Core/Src/main.c ****   RCC_OscInitStruct.HSICalibrationValue = RCC_HSICALIBRATION_DEFAULT;
 143:Core/Src/main.c ****   RCC_OscInitStruct.PLL.PLLState = RCC_PLL_NONE;
 144:Core/Src/main.c ****   if (HAL_RCC_OscConfig(&RCC_OscInitStruct) != HAL_OK) {
 145:Core/Src/main.c ****     Error_Handler();
 146:Core/Src/main.c ****   }
 147:Core/Src/main.c **** 
ARM GAS  /tmp/ccVYr70B.s 			page 4


 148:Core/Src/main.c ****   /** Initializes the CPU, AHB and APB buses clocks
 149:Core/Src/main.c ****    */
 150:Core/Src/main.c ****   RCC_ClkInitStruct.ClockType = RCC_CLOCKTYPE_HCLK | RCC_CLOCKTYPE_SYSCLK |
 151:Core/Src/main.c ****                                 RCC_CLOCKTYPE_PCLK1 | RCC_CLOCKTYPE_PCLK2;
 152:Core/Src/main.c ****   RCC_ClkInitStruct.SYSCLKSource = RCC_SYSCLKSOURCE_HSI;
 153:Core/Src/main.c ****   RCC_ClkInitStruct.AHBCLKDivider = RCC_SYSCLK_DIV1;
 154:Core/Src/main.c ****   RCC_ClkInitStruct.APB1CLKDivider = RCC_HCLK_DIV1;
 155:Core/Src/main.c ****   RCC_ClkInitStruct.APB2CLKDivider = RCC_HCLK_DIV1;
 156:Core/Src/main.c **** 
 157:Core/Src/main.c ****   if (HAL_RCC_ClockConfig(&RCC_ClkInitStruct, FLASH_LATENCY_0) != HAL_OK) {
 158:Core/Src/main.c ****     Error_Handler();
 159:Core/Src/main.c ****   }
 160:Core/Src/main.c **** }
 161:Core/Src/main.c **** 
 162:Core/Src/main.c **** /**
 163:Core/Src/main.c ****  * @brief USART1 Initialization Function
 164:Core/Src/main.c ****  * @param None
 165:Core/Src/main.c ****  * @retval None
 166:Core/Src/main.c ****  */
 167:Core/Src/main.c **** static void MX_USART1_UART_Init(void) {
 168:Core/Src/main.c **** 
 169:Core/Src/main.c ****   /* USER CODE BEGIN USART1_Init 0 */
 170:Core/Src/main.c **** 
 171:Core/Src/main.c ****   /* USER CODE END USART1_Init 0 */
 172:Core/Src/main.c **** 
 173:Core/Src/main.c ****   /* USER CODE BEGIN USART1_Init 1 */
 174:Core/Src/main.c **** 
 175:Core/Src/main.c ****   /* USER CODE END USART1_Init 1 */
 176:Core/Src/main.c ****   huart1.Instance = USART1;
 177:Core/Src/main.c ****   huart1.Init.BaudRate = 9600;
 178:Core/Src/main.c ****   huart1.Init.WordLength = UART_WORDLENGTH_8B;
 179:Core/Src/main.c ****   huart1.Init.StopBits = UART_STOPBITS_1;
 180:Core/Src/main.c ****   huart1.Init.Parity = UART_PARITY_NONE;
 181:Core/Src/main.c ****   huart1.Init.Mode = UART_MODE_TX_RX;
 182:Core/Src/main.c ****   huart1.Init.HwFlowCtl = UART_HWCONTROL_NONE;
 183:Core/Src/main.c ****   huart1.Init.OverSampling = UART_OVERSAMPLING_16;
 184:Core/Src/main.c ****   if (HAL_UART_Init(&huart1) != HAL_OK) {
 185:Core/Src/main.c ****     Error_Handler();
 186:Core/Src/main.c ****   }
 187:Core/Src/main.c ****   /* USER CODE BEGIN USART1_Init 2 */
 188:Core/Src/main.c **** 
 189:Core/Src/main.c ****   /* USER CODE END USART1_Init 2 */
 190:Core/Src/main.c **** }
 191:Core/Src/main.c **** 
 192:Core/Src/main.c **** /**
 193:Core/Src/main.c ****  * @brief GPIO Initialization Function
 194:Core/Src/main.c ****  * @param None
 195:Core/Src/main.c ****  * @retval None
 196:Core/Src/main.c ****  */
 197:Core/Src/main.c **** static void MX_GPIO_Init(void) {
  26              		.loc 1 197 32 view -0
  27              		.cfi_startproc
  28              		@ args = 0, pretend = 0, frame = 8
  29              		@ frame_needed = 0, uses_anonymous_args = 0
  30              		@ link register save eliminated.
  31 0000 82B0     		sub	sp, sp, #8
  32              	.LCFI0:
ARM GAS  /tmp/ccVYr70B.s 			page 5


  33              		.cfi_def_cfa_offset 8
 198:Core/Src/main.c ****   /* USER CODE BEGIN MX_GPIO_Init_1 */
 199:Core/Src/main.c **** 
 200:Core/Src/main.c ****   /* USER CODE END MX_GPIO_Init_1 */
 201:Core/Src/main.c **** 
 202:Core/Src/main.c ****   /* GPIO Ports Clock Enable */
 203:Core/Src/main.c ****   __HAL_RCC_GPIOA_CLK_ENABLE();
  34              		.loc 1 203 3 view .LVU1
  35              	.LBB4:
  36              		.loc 1 203 3 view .LVU2
  37              		.loc 1 203 3 view .LVU3
  38 0002 064B     		ldr	r3, .L3
  39 0004 9A69     		ldr	r2, [r3, #24]
  40 0006 42F00402 		orr	r2, r2, #4
  41 000a 9A61     		str	r2, [r3, #24]
  42              		.loc 1 203 3 view .LVU4
  43 000c 9B69     		ldr	r3, [r3, #24]
  44 000e 03F00403 		and	r3, r3, #4
  45 0012 0193     		str	r3, [sp, #4]
  46              		.loc 1 203 3 view .LVU5
  47 0014 019B     		ldr	r3, [sp, #4]
  48              	.LBE4:
  49              		.loc 1 203 3 view .LVU6
 204:Core/Src/main.c **** 
 205:Core/Src/main.c ****   /* USER CODE BEGIN MX_GPIO_Init_2 */
 206:Core/Src/main.c **** 
 207:Core/Src/main.c ****   /* USER CODE END MX_GPIO_Init_2 */
 208:Core/Src/main.c **** }
  50              		.loc 1 208 1 is_stmt 0 view .LVU7
  51 0016 02B0     		add	sp, sp, #8
  52              	.LCFI1:
  53              		.cfi_def_cfa_offset 0
  54              		@ sp needed
  55 0018 7047     		bx	lr
  56              	.L4:
  57 001a 00BF     		.align	2
  58              	.L3:
  59 001c 00100240 		.word	1073876992
  60              		.cfi_endproc
  61              	.LFE68:
  63              		.section	.text.Error_Handler,"ax",%progbits
  64              		.align	1
  65              		.global	Error_Handler
  66              		.syntax unified
  67              		.thumb
  68              		.thumb_func
  70              	Error_Handler:
  71              	.LFB69:
 209:Core/Src/main.c **** 
 210:Core/Src/main.c **** /* USER CODE BEGIN 4 */
 211:Core/Src/main.c **** 
 212:Core/Src/main.c **** /* USER CODE END 4 */
 213:Core/Src/main.c **** 
 214:Core/Src/main.c **** /**
 215:Core/Src/main.c ****  * @brief  This function is executed in case of error occurrence.
 216:Core/Src/main.c ****  * @retval None
 217:Core/Src/main.c ****  */
ARM GAS  /tmp/ccVYr70B.s 			page 6


 218:Core/Src/main.c **** void Error_Handler(void) {
  72              		.loc 1 218 26 is_stmt 1 view -0
  73              		.cfi_startproc
  74              		@ Volatile: function does not return.
  75              		@ args = 0, pretend = 0, frame = 0
  76              		@ frame_needed = 0, uses_anonymous_args = 0
  77              		@ link register save eliminated.
 219:Core/Src/main.c ****   /* USER CODE BEGIN Error_Handler_Debug */
 220:Core/Src/main.c ****   /* User can add his own implementation to report the HAL error return state
 221:Core/Src/main.c ****    */
 222:Core/Src/main.c ****   __disable_irq();
  78              		.loc 1 222 3 view .LVU9
  79              	.LBB5:
  80              	.LBI5:
  81              		.file 2 "Drivers/CMSIS/Include/cmsis_gcc.h"
   1:Drivers/CMSIS/Include/cmsis_gcc.h **** /**************************************************************************//**
   2:Drivers/CMSIS/Include/cmsis_gcc.h ****  * @file     cmsis_gcc.h
   3:Drivers/CMSIS/Include/cmsis_gcc.h ****  * @brief    CMSIS compiler GCC header file
   4:Drivers/CMSIS/Include/cmsis_gcc.h ****  * @version  V5.0.4
   5:Drivers/CMSIS/Include/cmsis_gcc.h ****  * @date     09. April 2018
   6:Drivers/CMSIS/Include/cmsis_gcc.h ****  ******************************************************************************/
   7:Drivers/CMSIS/Include/cmsis_gcc.h **** /*
   8:Drivers/CMSIS/Include/cmsis_gcc.h ****  * Copyright (c) 2009-2018 Arm Limited. All rights reserved.
   9:Drivers/CMSIS/Include/cmsis_gcc.h ****  *
  10:Drivers/CMSIS/Include/cmsis_gcc.h ****  * SPDX-License-Identifier: Apache-2.0
  11:Drivers/CMSIS/Include/cmsis_gcc.h ****  *
  12:Drivers/CMSIS/Include/cmsis_gcc.h ****  * Licensed under the Apache License, Version 2.0 (the License); you may
  13:Drivers/CMSIS/Include/cmsis_gcc.h ****  * not use this file except in compliance with the License.
  14:Drivers/CMSIS/Include/cmsis_gcc.h ****  * You may obtain a copy of the License at
  15:Drivers/CMSIS/Include/cmsis_gcc.h ****  *
  16:Drivers/CMSIS/Include/cmsis_gcc.h ****  * www.apache.org/licenses/LICENSE-2.0
  17:Drivers/CMSIS/Include/cmsis_gcc.h ****  *
  18:Drivers/CMSIS/Include/cmsis_gcc.h ****  * Unless required by applicable law or agreed to in writing, software
  19:Drivers/CMSIS/Include/cmsis_gcc.h ****  * distributed under the License is distributed on an AS IS BASIS, WITHOUT
  20:Drivers/CMSIS/Include/cmsis_gcc.h ****  * WARRANTIES OR CONDITIONS OF ANY KIND, either express or implied.
  21:Drivers/CMSIS/Include/cmsis_gcc.h ****  * See the License for the specific language governing permissions and
  22:Drivers/CMSIS/Include/cmsis_gcc.h ****  * limitations under the License.
  23:Drivers/CMSIS/Include/cmsis_gcc.h ****  */
  24:Drivers/CMSIS/Include/cmsis_gcc.h **** 
  25:Drivers/CMSIS/Include/cmsis_gcc.h **** #ifndef __CMSIS_GCC_H
  26:Drivers/CMSIS/Include/cmsis_gcc.h **** #define __CMSIS_GCC_H
  27:Drivers/CMSIS/Include/cmsis_gcc.h **** 
  28:Drivers/CMSIS/Include/cmsis_gcc.h **** /* ignore some GCC warnings */
  29:Drivers/CMSIS/Include/cmsis_gcc.h **** #pragma GCC diagnostic push
  30:Drivers/CMSIS/Include/cmsis_gcc.h **** #pragma GCC diagnostic ignored "-Wsign-conversion"
  31:Drivers/CMSIS/Include/cmsis_gcc.h **** #pragma GCC diagnostic ignored "-Wconversion"
  32:Drivers/CMSIS/Include/cmsis_gcc.h **** #pragma GCC diagnostic ignored "-Wunused-parameter"
  33:Drivers/CMSIS/Include/cmsis_gcc.h **** 
  34:Drivers/CMSIS/Include/cmsis_gcc.h **** /* Fallback for __has_builtin */
  35:Drivers/CMSIS/Include/cmsis_gcc.h **** #ifndef __has_builtin
  36:Drivers/CMSIS/Include/cmsis_gcc.h ****   #define __has_builtin(x) (0)
  37:Drivers/CMSIS/Include/cmsis_gcc.h **** #endif
  38:Drivers/CMSIS/Include/cmsis_gcc.h **** 
  39:Drivers/CMSIS/Include/cmsis_gcc.h **** /* CMSIS compiler specific defines */
  40:Drivers/CMSIS/Include/cmsis_gcc.h **** #ifndef   __ASM
  41:Drivers/CMSIS/Include/cmsis_gcc.h ****   #define __ASM                                  __asm
  42:Drivers/CMSIS/Include/cmsis_gcc.h **** #endif
ARM GAS  /tmp/ccVYr70B.s 			page 7


  43:Drivers/CMSIS/Include/cmsis_gcc.h **** #ifndef   __INLINE
  44:Drivers/CMSIS/Include/cmsis_gcc.h ****   #define __INLINE                               inline
  45:Drivers/CMSIS/Include/cmsis_gcc.h **** #endif
  46:Drivers/CMSIS/Include/cmsis_gcc.h **** #ifndef   __STATIC_INLINE
  47:Drivers/CMSIS/Include/cmsis_gcc.h ****   #define __STATIC_INLINE                        static inline
  48:Drivers/CMSIS/Include/cmsis_gcc.h **** #endif
  49:Drivers/CMSIS/Include/cmsis_gcc.h **** #ifndef   __STATIC_FORCEINLINE                 
  50:Drivers/CMSIS/Include/cmsis_gcc.h ****   #define __STATIC_FORCEINLINE                   __attribute__((always_inline)) static inline
  51:Drivers/CMSIS/Include/cmsis_gcc.h **** #endif                                           
  52:Drivers/CMSIS/Include/cmsis_gcc.h **** #ifndef   __NO_RETURN
  53:Drivers/CMSIS/Include/cmsis_gcc.h ****   #define __NO_RETURN                            __attribute__((__noreturn__))
  54:Drivers/CMSIS/Include/cmsis_gcc.h **** #endif
  55:Drivers/CMSIS/Include/cmsis_gcc.h **** #ifndef   __USED
  56:Drivers/CMSIS/Include/cmsis_gcc.h ****   #define __USED                                 __attribute__((used))
  57:Drivers/CMSIS/Include/cmsis_gcc.h **** #endif
  58:Drivers/CMSIS/Include/cmsis_gcc.h **** #ifndef   __WEAK
  59:Drivers/CMSIS/Include/cmsis_gcc.h ****   #define __WEAK                                 __attribute__((weak))
  60:Drivers/CMSIS/Include/cmsis_gcc.h **** #endif
  61:Drivers/CMSIS/Include/cmsis_gcc.h **** #ifndef   __PACKED
  62:Drivers/CMSIS/Include/cmsis_gcc.h ****   #define __PACKED                               __attribute__((packed, aligned(1)))
  63:Drivers/CMSIS/Include/cmsis_gcc.h **** #endif
  64:Drivers/CMSIS/Include/cmsis_gcc.h **** #ifndef   __PACKED_STRUCT
  65:Drivers/CMSIS/Include/cmsis_gcc.h ****   #define __PACKED_STRUCT                        struct __attribute__((packed, aligned(1)))
  66:Drivers/CMSIS/Include/cmsis_gcc.h **** #endif
  67:Drivers/CMSIS/Include/cmsis_gcc.h **** #ifndef   __PACKED_UNION
  68:Drivers/CMSIS/Include/cmsis_gcc.h ****   #define __PACKED_UNION                         union __attribute__((packed, aligned(1)))
  69:Drivers/CMSIS/Include/cmsis_gcc.h **** #endif
  70:Drivers/CMSIS/Include/cmsis_gcc.h **** #ifndef   __UNALIGNED_UINT32        /* deprecated */
  71:Drivers/CMSIS/Include/cmsis_gcc.h ****   #pragma GCC diagnostic push
  72:Drivers/CMSIS/Include/cmsis_gcc.h ****   #pragma GCC diagnostic ignored "-Wpacked"
  73:Drivers/CMSIS/Include/cmsis_gcc.h ****   #pragma GCC diagnostic ignored "-Wattributes"
  74:Drivers/CMSIS/Include/cmsis_gcc.h ****   struct __attribute__((packed)) T_UINT32 { uint32_t v; };
  75:Drivers/CMSIS/Include/cmsis_gcc.h ****   #pragma GCC diagnostic pop
  76:Drivers/CMSIS/Include/cmsis_gcc.h ****   #define __UNALIGNED_UINT32(x)                  (((struct T_UINT32 *)(x))->v)
  77:Drivers/CMSIS/Include/cmsis_gcc.h **** #endif
  78:Drivers/CMSIS/Include/cmsis_gcc.h **** #ifndef   __UNALIGNED_UINT16_WRITE
  79:Drivers/CMSIS/Include/cmsis_gcc.h ****   #pragma GCC diagnostic push
  80:Drivers/CMSIS/Include/cmsis_gcc.h ****   #pragma GCC diagnostic ignored "-Wpacked"
  81:Drivers/CMSIS/Include/cmsis_gcc.h ****   #pragma GCC diagnostic ignored "-Wattributes"
  82:Drivers/CMSIS/Include/cmsis_gcc.h ****   __PACKED_STRUCT T_UINT16_WRITE { uint16_t v; };
  83:Drivers/CMSIS/Include/cmsis_gcc.h ****   #pragma GCC diagnostic pop
  84:Drivers/CMSIS/Include/cmsis_gcc.h ****   #define __UNALIGNED_UINT16_WRITE(addr, val)    (void)((((struct T_UINT16_WRITE *)(void *)(addr))-
  85:Drivers/CMSIS/Include/cmsis_gcc.h **** #endif
  86:Drivers/CMSIS/Include/cmsis_gcc.h **** #ifndef   __UNALIGNED_UINT16_READ
  87:Drivers/CMSIS/Include/cmsis_gcc.h ****   #pragma GCC diagnostic push
  88:Drivers/CMSIS/Include/cmsis_gcc.h ****   #pragma GCC diagnostic ignored "-Wpacked"
  89:Drivers/CMSIS/Include/cmsis_gcc.h ****   #pragma GCC diagnostic ignored "-Wattributes"
  90:Drivers/CMSIS/Include/cmsis_gcc.h ****   __PACKED_STRUCT T_UINT16_READ { uint16_t v; };
  91:Drivers/CMSIS/Include/cmsis_gcc.h ****   #pragma GCC diagnostic pop
  92:Drivers/CMSIS/Include/cmsis_gcc.h ****   #define __UNALIGNED_UINT16_READ(addr)          (((const struct T_UINT16_READ *)(const void *)(add
  93:Drivers/CMSIS/Include/cmsis_gcc.h **** #endif
  94:Drivers/CMSIS/Include/cmsis_gcc.h **** #ifndef   __UNALIGNED_UINT32_WRITE
  95:Drivers/CMSIS/Include/cmsis_gcc.h ****   #pragma GCC diagnostic push
  96:Drivers/CMSIS/Include/cmsis_gcc.h ****   #pragma GCC diagnostic ignored "-Wpacked"
  97:Drivers/CMSIS/Include/cmsis_gcc.h ****   #pragma GCC diagnostic ignored "-Wattributes"
  98:Drivers/CMSIS/Include/cmsis_gcc.h ****   __PACKED_STRUCT T_UINT32_WRITE { uint32_t v; };
  99:Drivers/CMSIS/Include/cmsis_gcc.h ****   #pragma GCC diagnostic pop
ARM GAS  /tmp/ccVYr70B.s 			page 8


 100:Drivers/CMSIS/Include/cmsis_gcc.h ****   #define __UNALIGNED_UINT32_WRITE(addr, val)    (void)((((struct T_UINT32_WRITE *)(void *)(addr))-
 101:Drivers/CMSIS/Include/cmsis_gcc.h **** #endif
 102:Drivers/CMSIS/Include/cmsis_gcc.h **** #ifndef   __UNALIGNED_UINT32_READ
 103:Drivers/CMSIS/Include/cmsis_gcc.h ****   #pragma GCC diagnostic push
 104:Drivers/CMSIS/Include/cmsis_gcc.h ****   #pragma GCC diagnostic ignored "-Wpacked"
 105:Drivers/CMSIS/Include/cmsis_gcc.h ****   #pragma GCC diagnostic ignored "-Wattributes"
 106:Drivers/CMSIS/Include/cmsis_gcc.h ****   __PACKED_STRUCT T_UINT32_READ { uint32_t v; };
 107:Drivers/CMSIS/Include/cmsis_gcc.h ****   #pragma GCC diagnostic pop
 108:Drivers/CMSIS/Include/cmsis_gcc.h ****   #define __UNALIGNED_UINT32_READ(addr)          (((const struct T_UINT32_READ *)(const void *)(add
 109:Drivers/CMSIS/Include/cmsis_gcc.h **** #endif
 110:Drivers/CMSIS/Include/cmsis_gcc.h **** #ifndef   __ALIGNED
 111:Drivers/CMSIS/Include/cmsis_gcc.h ****   #define __ALIGNED(x)                           __attribute__((aligned(x)))
 112:Drivers/CMSIS/Include/cmsis_gcc.h **** #endif
 113:Drivers/CMSIS/Include/cmsis_gcc.h **** #ifndef   __RESTRICT
 114:Drivers/CMSIS/Include/cmsis_gcc.h ****   #define __RESTRICT                             __restrict
 115:Drivers/CMSIS/Include/cmsis_gcc.h **** #endif
 116:Drivers/CMSIS/Include/cmsis_gcc.h **** 
 117:Drivers/CMSIS/Include/cmsis_gcc.h **** 
 118:Drivers/CMSIS/Include/cmsis_gcc.h **** /* ###########################  Core Function Access  ########################### */
 119:Drivers/CMSIS/Include/cmsis_gcc.h **** /** \ingroup  CMSIS_Core_FunctionInterface
 120:Drivers/CMSIS/Include/cmsis_gcc.h ****     \defgroup CMSIS_Core_RegAccFunctions CMSIS Core Register Access Functions
 121:Drivers/CMSIS/Include/cmsis_gcc.h ****   @{
 122:Drivers/CMSIS/Include/cmsis_gcc.h ****  */
 123:Drivers/CMSIS/Include/cmsis_gcc.h **** 
 124:Drivers/CMSIS/Include/cmsis_gcc.h **** /**
 125:Drivers/CMSIS/Include/cmsis_gcc.h ****   \brief   Enable IRQ Interrupts
 126:Drivers/CMSIS/Include/cmsis_gcc.h ****   \details Enables IRQ interrupts by clearing the I-bit in the CPSR.
 127:Drivers/CMSIS/Include/cmsis_gcc.h ****            Can only be executed in Privileged modes.
 128:Drivers/CMSIS/Include/cmsis_gcc.h ****  */
 129:Drivers/CMSIS/Include/cmsis_gcc.h **** __STATIC_FORCEINLINE void __enable_irq(void)
 130:Drivers/CMSIS/Include/cmsis_gcc.h **** {
 131:Drivers/CMSIS/Include/cmsis_gcc.h ****   __ASM volatile ("cpsie i" : : : "memory");
 132:Drivers/CMSIS/Include/cmsis_gcc.h **** }
 133:Drivers/CMSIS/Include/cmsis_gcc.h **** 
 134:Drivers/CMSIS/Include/cmsis_gcc.h **** 
 135:Drivers/CMSIS/Include/cmsis_gcc.h **** /**
 136:Drivers/CMSIS/Include/cmsis_gcc.h ****   \brief   Disable IRQ Interrupts
 137:Drivers/CMSIS/Include/cmsis_gcc.h ****   \details Disables IRQ interrupts by setting the I-bit in the CPSR.
 138:Drivers/CMSIS/Include/cmsis_gcc.h ****            Can only be executed in Privileged modes.
 139:Drivers/CMSIS/Include/cmsis_gcc.h ****  */
 140:Drivers/CMSIS/Include/cmsis_gcc.h **** __STATIC_FORCEINLINE void __disable_irq(void)
  82              		.loc 2 140 27 view .LVU10
  83              	.LBB6:
 141:Drivers/CMSIS/Include/cmsis_gcc.h **** {
 142:Drivers/CMSIS/Include/cmsis_gcc.h ****   __ASM volatile ("cpsid i" : : : "memory");
  84              		.loc 2 142 3 view .LVU11
  85              		.syntax unified
  86              	@ 142 "Drivers/CMSIS/Include/cmsis_gcc.h" 1
  87 0000 72B6     		cpsid i
  88              	@ 0 "" 2
  89              		.thumb
  90              		.syntax unified
  91              	.L6:
  92              	.LBE6:
  93              	.LBE5:
 223:Core/Src/main.c ****   while (1) {
  94              		.loc 1 223 3 view .LVU12
ARM GAS  /tmp/ccVYr70B.s 			page 9


 224:Core/Src/main.c ****   }
  95              		.loc 1 224 3 view .LVU13
 223:Core/Src/main.c ****   while (1) {
  96              		.loc 1 223 9 view .LVU14
  97 0002 FEE7     		b	.L6
  98              		.cfi_endproc
  99              	.LFE69:
 101              		.section	.text.MX_USART1_UART_Init,"ax",%progbits
 102              		.align	1
 103              		.syntax unified
 104              		.thumb
 105              		.thumb_func
 107              	MX_USART1_UART_Init:
 108              	.LFB67:
 167:Core/Src/main.c **** 
 109              		.loc 1 167 39 view -0
 110              		.cfi_startproc
 111              		@ args = 0, pretend = 0, frame = 0
 112              		@ frame_needed = 0, uses_anonymous_args = 0
 113 0000 08B5     		push	{r3, lr}
 114              	.LCFI2:
 115              		.cfi_def_cfa_offset 8
 116              		.cfi_offset 3, -8
 117              		.cfi_offset 14, -4
 176:Core/Src/main.c ****   huart1.Init.BaudRate = 9600;
 118              		.loc 1 176 3 view .LVU16
 176:Core/Src/main.c ****   huart1.Init.BaudRate = 9600;
 119              		.loc 1 176 19 is_stmt 0 view .LVU17
 120 0002 0A48     		ldr	r0, .L11
 121 0004 0A4B     		ldr	r3, .L11+4
 122 0006 0360     		str	r3, [r0]
 177:Core/Src/main.c ****   huart1.Init.WordLength = UART_WORDLENGTH_8B;
 123              		.loc 1 177 3 is_stmt 1 view .LVU18
 177:Core/Src/main.c ****   huart1.Init.WordLength = UART_WORDLENGTH_8B;
 124              		.loc 1 177 24 is_stmt 0 view .LVU19
 125 0008 4FF41653 		mov	r3, #9600
 126 000c 4360     		str	r3, [r0, #4]
 178:Core/Src/main.c ****   huart1.Init.StopBits = UART_STOPBITS_1;
 127              		.loc 1 178 3 is_stmt 1 view .LVU20
 178:Core/Src/main.c ****   huart1.Init.StopBits = UART_STOPBITS_1;
 128              		.loc 1 178 26 is_stmt 0 view .LVU21
 129 000e 0023     		movs	r3, #0
 130 0010 8360     		str	r3, [r0, #8]
 179:Core/Src/main.c ****   huart1.Init.Parity = UART_PARITY_NONE;
 131              		.loc 1 179 3 is_stmt 1 view .LVU22
 179:Core/Src/main.c ****   huart1.Init.Parity = UART_PARITY_NONE;
 132              		.loc 1 179 24 is_stmt 0 view .LVU23
 133 0012 C360     		str	r3, [r0, #12]
 180:Core/Src/main.c ****   huart1.Init.Mode = UART_MODE_TX_RX;
 134              		.loc 1 180 3 is_stmt 1 view .LVU24
 180:Core/Src/main.c ****   huart1.Init.Mode = UART_MODE_TX_RX;
 135              		.loc 1 180 22 is_stmt 0 view .LVU25
 136 0014 0361     		str	r3, [r0, #16]
 181:Core/Src/main.c ****   huart1.Init.HwFlowCtl = UART_HWCONTROL_NONE;
 137              		.loc 1 181 3 is_stmt 1 view .LVU26
 181:Core/Src/main.c ****   huart1.Init.HwFlowCtl = UART_HWCONTROL_NONE;
 138              		.loc 1 181 20 is_stmt 0 view .LVU27
ARM GAS  /tmp/ccVYr70B.s 			page 10


 139 0016 0C22     		movs	r2, #12
 140 0018 4261     		str	r2, [r0, #20]
 182:Core/Src/main.c ****   huart1.Init.OverSampling = UART_OVERSAMPLING_16;
 141              		.loc 1 182 3 is_stmt 1 view .LVU28
 182:Core/Src/main.c ****   huart1.Init.OverSampling = UART_OVERSAMPLING_16;
 142              		.loc 1 182 25 is_stmt 0 view .LVU29
 143 001a 8361     		str	r3, [r0, #24]
 183:Core/Src/main.c ****   if (HAL_UART_Init(&huart1) != HAL_OK) {
 144              		.loc 1 183 3 is_stmt 1 view .LVU30
 183:Core/Src/main.c ****   if (HAL_UART_Init(&huart1) != HAL_OK) {
 145              		.loc 1 183 28 is_stmt 0 view .LVU31
 146 001c C361     		str	r3, [r0, #28]
 184:Core/Src/main.c ****     Error_Handler();
 147              		.loc 1 184 3 is_stmt 1 view .LVU32
 184:Core/Src/main.c ****     Error_Handler();
 148              		.loc 1 184 7 is_stmt 0 view .LVU33
 149 001e FFF7FEFF 		bl	HAL_UART_Init
 150              	.LVL0:
 184:Core/Src/main.c ****     Error_Handler();
 151              		.loc 1 184 6 discriminator 1 view .LVU34
 152 0022 00B9     		cbnz	r0, .L10
 190:Core/Src/main.c **** 
 153              		.loc 1 190 1 view .LVU35
 154 0024 08BD     		pop	{r3, pc}
 155              	.L10:
 185:Core/Src/main.c ****   }
 156              		.loc 1 185 5 is_stmt 1 view .LVU36
 157 0026 FFF7FEFF 		bl	Error_Handler
 158              	.LVL1:
 159              	.L12:
 160 002a 00BF     		.align	2
 161              	.L11:
 162 002c 00000000 		.word	huart1
 163 0030 00380140 		.word	1073821696
 164              		.cfi_endproc
 165              	.LFE67:
 167              		.section	.text.SystemClock_Config,"ax",%progbits
 168              		.align	1
 169              		.global	SystemClock_Config
 170              		.syntax unified
 171              		.thumb
 172              		.thumb_func
 174              	SystemClock_Config:
 175              	.LFB66:
 133:Core/Src/main.c ****   RCC_OscInitTypeDef RCC_OscInitStruct = {0};
 176              		.loc 1 133 31 view -0
 177              		.cfi_startproc
 178              		@ args = 0, pretend = 0, frame = 64
 179              		@ frame_needed = 0, uses_anonymous_args = 0
 180 0000 00B5     		push	{lr}
 181              	.LCFI3:
 182              		.cfi_def_cfa_offset 4
 183              		.cfi_offset 14, -4
 184 0002 91B0     		sub	sp, sp, #68
 185              	.LCFI4:
 186              		.cfi_def_cfa_offset 72
 134:Core/Src/main.c ****   RCC_ClkInitTypeDef RCC_ClkInitStruct = {0};
ARM GAS  /tmp/ccVYr70B.s 			page 11


 187              		.loc 1 134 3 view .LVU38
 134:Core/Src/main.c ****   RCC_ClkInitTypeDef RCC_ClkInitStruct = {0};
 188              		.loc 1 134 22 is_stmt 0 view .LVU39
 189 0004 2822     		movs	r2, #40
 190 0006 0021     		movs	r1, #0
 191 0008 06A8     		add	r0, sp, #24
 192 000a FFF7FEFF 		bl	memset
 193              	.LVL2:
 135:Core/Src/main.c **** 
 194              		.loc 1 135 3 is_stmt 1 view .LVU40
 135:Core/Src/main.c **** 
 195              		.loc 1 135 22 is_stmt 0 view .LVU41
 196 000e 0023     		movs	r3, #0
 197 0010 0193     		str	r3, [sp, #4]
 198 0012 0293     		str	r3, [sp, #8]
 199 0014 0393     		str	r3, [sp, #12]
 200 0016 0493     		str	r3, [sp, #16]
 201 0018 0593     		str	r3, [sp, #20]
 140:Core/Src/main.c ****   RCC_OscInitStruct.HSIState = RCC_HSI_ON;
 202              		.loc 1 140 3 is_stmt 1 view .LVU42
 140:Core/Src/main.c ****   RCC_OscInitStruct.HSIState = RCC_HSI_ON;
 203              		.loc 1 140 36 is_stmt 0 view .LVU43
 204 001a 0223     		movs	r3, #2
 205 001c 0693     		str	r3, [sp, #24]
 141:Core/Src/main.c ****   RCC_OscInitStruct.HSICalibrationValue = RCC_HSICALIBRATION_DEFAULT;
 206              		.loc 1 141 3 is_stmt 1 view .LVU44
 141:Core/Src/main.c ****   RCC_OscInitStruct.HSICalibrationValue = RCC_HSICALIBRATION_DEFAULT;
 207              		.loc 1 141 30 is_stmt 0 view .LVU45
 208 001e 0123     		movs	r3, #1
 209 0020 0A93     		str	r3, [sp, #40]
 142:Core/Src/main.c ****   RCC_OscInitStruct.PLL.PLLState = RCC_PLL_NONE;
 210              		.loc 1 142 3 is_stmt 1 view .LVU46
 142:Core/Src/main.c ****   RCC_OscInitStruct.PLL.PLLState = RCC_PLL_NONE;
 211              		.loc 1 142 41 is_stmt 0 view .LVU47
 212 0022 1023     		movs	r3, #16
 213 0024 0B93     		str	r3, [sp, #44]
 143:Core/Src/main.c ****   if (HAL_RCC_OscConfig(&RCC_OscInitStruct) != HAL_OK) {
 214              		.loc 1 143 3 is_stmt 1 view .LVU48
 144:Core/Src/main.c ****     Error_Handler();
 215              		.loc 1 144 3 view .LVU49
 144:Core/Src/main.c ****     Error_Handler();
 216              		.loc 1 144 7 is_stmt 0 view .LVU50
 217 0026 06A8     		add	r0, sp, #24
 218 0028 FFF7FEFF 		bl	HAL_RCC_OscConfig
 219              	.LVL3:
 144:Core/Src/main.c ****     Error_Handler();
 220              		.loc 1 144 6 discriminator 1 view .LVU51
 221 002c 68B9     		cbnz	r0, .L17
 150:Core/Src/main.c ****                                 RCC_CLOCKTYPE_PCLK1 | RCC_CLOCKTYPE_PCLK2;
 222              		.loc 1 150 3 is_stmt 1 view .LVU52
 150:Core/Src/main.c ****                                 RCC_CLOCKTYPE_PCLK1 | RCC_CLOCKTYPE_PCLK2;
 223              		.loc 1 150 31 is_stmt 0 view .LVU53
 224 002e 0F23     		movs	r3, #15
 225 0030 0193     		str	r3, [sp, #4]
 152:Core/Src/main.c ****   RCC_ClkInitStruct.AHBCLKDivider = RCC_SYSCLK_DIV1;
 226              		.loc 1 152 3 is_stmt 1 view .LVU54
 152:Core/Src/main.c ****   RCC_ClkInitStruct.AHBCLKDivider = RCC_SYSCLK_DIV1;
ARM GAS  /tmp/ccVYr70B.s 			page 12


 227              		.loc 1 152 34 is_stmt 0 view .LVU55
 228 0032 0021     		movs	r1, #0
 229 0034 0291     		str	r1, [sp, #8]
 153:Core/Src/main.c ****   RCC_ClkInitStruct.APB1CLKDivider = RCC_HCLK_DIV1;
 230              		.loc 1 153 3 is_stmt 1 view .LVU56
 153:Core/Src/main.c ****   RCC_ClkInitStruct.APB1CLKDivider = RCC_HCLK_DIV1;
 231              		.loc 1 153 35 is_stmt 0 view .LVU57
 232 0036 0391     		str	r1, [sp, #12]
 154:Core/Src/main.c ****   RCC_ClkInitStruct.APB2CLKDivider = RCC_HCLK_DIV1;
 233              		.loc 1 154 3 is_stmt 1 view .LVU58
 154:Core/Src/main.c ****   RCC_ClkInitStruct.APB2CLKDivider = RCC_HCLK_DIV1;
 234              		.loc 1 154 36 is_stmt 0 view .LVU59
 235 0038 0491     		str	r1, [sp, #16]
 155:Core/Src/main.c **** 
 236              		.loc 1 155 3 is_stmt 1 view .LVU60
 155:Core/Src/main.c **** 
 237              		.loc 1 155 36 is_stmt 0 view .LVU61
 238 003a 0591     		str	r1, [sp, #20]
 157:Core/Src/main.c ****     Error_Handler();
 239              		.loc 1 157 3 is_stmt 1 view .LVU62
 157:Core/Src/main.c ****     Error_Handler();
 240              		.loc 1 157 7 is_stmt 0 view .LVU63
 241 003c 01A8     		add	r0, sp, #4
 242 003e FFF7FEFF 		bl	HAL_RCC_ClockConfig
 243              	.LVL4:
 157:Core/Src/main.c ****     Error_Handler();
 244              		.loc 1 157 6 discriminator 1 view .LVU64
 245 0042 20B9     		cbnz	r0, .L18
 160:Core/Src/main.c **** 
 246              		.loc 1 160 1 view .LVU65
 247 0044 11B0     		add	sp, sp, #68
 248              	.LCFI5:
 249              		.cfi_remember_state
 250              		.cfi_def_cfa_offset 4
 251              		@ sp needed
 252 0046 5DF804FB 		ldr	pc, [sp], #4
 253              	.L17:
 254              	.LCFI6:
 255              		.cfi_restore_state
 145:Core/Src/main.c ****   }
 256              		.loc 1 145 5 is_stmt 1 view .LVU66
 257 004a FFF7FEFF 		bl	Error_Handler
 258              	.LVL5:
 259              	.L18:
 158:Core/Src/main.c ****   }
 260              		.loc 1 158 5 view .LVU67
 261 004e FFF7FEFF 		bl	Error_Handler
 262              	.LVL6:
 263              		.cfi_endproc
 264              	.LFE66:
 266              		.section	.rodata.main.str1.4,"aMS",%progbits,1
 267              		.align	2
 268              	.LC0:
 269 0000 48656C6C 		.ascii	"Hello world!\015\012\000"
 269      6F20776F 
 269      726C6421 
 269      0D0A00
ARM GAS  /tmp/ccVYr70B.s 			page 13


 270              		.section	.text.main,"ax",%progbits
 271              		.align	1
 272              		.global	main
 273              		.syntax unified
 274              		.thumb
 275              		.thumb_func
 277              	main:
 278              	.LFB65:
  66:Core/Src/main.c **** 
 279              		.loc 1 66 16 view -0
 280              		.cfi_startproc
 281              		@ args = 0, pretend = 0, frame = 32
 282              		@ frame_needed = 0, uses_anonymous_args = 0
 283 0000 30B5     		push	{r4, r5, lr}
 284              	.LCFI7:
 285              		.cfi_def_cfa_offset 12
 286              		.cfi_offset 4, -12
 287              		.cfi_offset 5, -8
 288              		.cfi_offset 14, -4
 289 0002 89B0     		sub	sp, sp, #36
 290              	.LCFI8:
 291              		.cfi_def_cfa_offset 48
  76:Core/Src/main.c **** 
 292              		.loc 1 76 3 view .LVU69
 293 0004 FFF7FEFF 		bl	HAL_Init
 294              	.LVL7:
  83:Core/Src/main.c **** 
 295              		.loc 1 83 3 view .LVU70
 296 0008 FFF7FEFF 		bl	SystemClock_Config
 297              	.LVL8:
  90:Core/Src/main.c ****   MX_USART1_UART_Init();
 298              		.loc 1 90 3 view .LVU71
 299 000c FFF7FEFF 		bl	MX_GPIO_Init
 300              	.LVL9:
  91:Core/Src/main.c ****   /* USER CODE BEGIN 2 */
 301              		.loc 1 91 3 view .LVU72
 302 0010 FFF7FEFF 		bl	MX_USART1_UART_Init
 303              	.LVL10:
  93:Core/Src/main.c ****   uint8_t rx_index = 0;
 304              		.loc 1 93 3 view .LVU73
  93:Core/Src/main.c ****   uint8_t rx_index = 0;
 305              		.loc 1 93 11 is_stmt 0 view .LVU74
 306 0014 1E4B     		ldr	r3, .L24
 307 0016 04AC     		add	r4, sp, #16
 308 0018 0FCB     		ldm	r3, {r0, r1, r2, r3}
 309 001a 07C4     		stmia	r4!, {r0, r1, r2}
 310 001c 24F8023B 		strh	r3, [r4], #2	@ movhi
 311 0020 1B0C     		lsrs	r3, r3, #16
 312 0022 2370     		strb	r3, [r4]
  94:Core/Src/main.c ****   uint8_t receivedMessage[12];
 313              		.loc 1 94 3 is_stmt 1 view .LVU75
 314              	.LVL11:
  94:Core/Src/main.c ****   uint8_t receivedMessage[12];
 315              		.loc 1 94 11 is_stmt 0 view .LVU76
 316 0024 0024     		movs	r4, #0
 317 0026 1DE0     		b	.L22
 318              	.LVL12:
ARM GAS  /tmp/ccVYr70B.s 			page 14


 319              	.L21:
 320              	.LBB7:
 321              	.LBB8:
 117:Core/Src/main.c ****         receivedMessage[rx_index + 1] = '\n';
 322              		.loc 1 117 9 is_stmt 1 view .LVU77
 117:Core/Src/main.c ****         receivedMessage[rx_index + 1] = '\n';
 323              		.loc 1 117 35 is_stmt 0 view .LVU78
 324 0028 04F12003 		add	r3, r4, #32
 325 002c 6B44     		add	r3, sp, r3
 326 002e 0D22     		movs	r2, #13
 327 0030 03F81C2C 		strb	r2, [r3, #-28]
 118:Core/Src/main.c ****         receivedMessage[rx_index + 2] = '\0';
 328              		.loc 1 118 9 is_stmt 1 view .LVU79
 118:Core/Src/main.c ****         receivedMessage[rx_index + 2] = '\0';
 329              		.loc 1 118 39 is_stmt 0 view .LVU80
 330 0034 04F12103 		add	r3, r4, #33
 331 0038 6B44     		add	r3, sp, r3
 332 003a 0A22     		movs	r2, #10
 333 003c 03F81C2C 		strb	r2, [r3, #-28]
 119:Core/Src/main.c ****         HAL_UART_Transmit(&huart1, &receivedMessage[0],
 334              		.loc 1 119 9 is_stmt 1 view .LVU81
 119:Core/Src/main.c ****         HAL_UART_Transmit(&huart1, &receivedMessage[0],
 335              		.loc 1 119 39 is_stmt 0 view .LVU82
 336 0040 04F12203 		add	r3, r4, #34
 337 0044 0DEB0304 		add	r4, sp, r3
 338              	.LVL13:
 119:Core/Src/main.c ****         HAL_UART_Transmit(&huart1, &receivedMessage[0],
 339              		.loc 1 119 39 view .LVU83
 340 0048 0023     		movs	r3, #0
 341              	.LVL14:
 119:Core/Src/main.c ****         HAL_UART_Transmit(&huart1, &receivedMessage[0],
 342              		.loc 1 119 39 view .LVU84
 343 004a 04F81C3C 		strb	r3, [r4, #-28]
 120:Core/Src/main.c ****                           strlen((char *)receivedMessage), 5000);
 344              		.loc 1 120 9 is_stmt 1 view .LVU85
 121:Core/Src/main.c ****         rx_index = 0;
 345              		.loc 1 121 27 is_stmt 0 view .LVU86
 346 004e 01A8     		add	r0, sp, #4
 347 0050 FFF7FEFF 		bl	strlen
 348              	.LVL15:
 120:Core/Src/main.c ****                           strlen((char *)receivedMessage), 5000);
 349              		.loc 1 120 9 view .LVU87
 350 0054 41F28833 		movw	r3, #5000
 351 0058 82B2     		uxth	r2, r0
 352 005a 01A9     		add	r1, sp, #4
 353 005c 0D48     		ldr	r0, .L24+4
 354 005e FFF7FEFF 		bl	HAL_UART_Transmit
 355              	.LVL16:
 122:Core/Src/main.c ****       }
 356              		.loc 1 122 9 is_stmt 1 view .LVU88
 122:Core/Src/main.c ****       }
 357              		.loc 1 122 18 is_stmt 0 view .LVU89
 358 0062 2C46     		mov	r4, r5
 359              	.LVL17:
 122:Core/Src/main.c ****       }
 360              		.loc 1 122 18 view .LVU90
 361              	.LBE8:
ARM GAS  /tmp/ccVYr70B.s 			page 15


 362              	.LBE7:
 101:Core/Src/main.c ****     uint8_t messageByte[1];
 363              		.loc 1 101 9 is_stmt 1 view .LVU91
 364              	.L22:
  95:Core/Src/main.c **** 
 365              		.loc 1 95 3 view .LVU92
 101:Core/Src/main.c ****     uint8_t messageByte[1];
 366              		.loc 1 101 3 view .LVU93
 367              	.LBB9:
 102:Core/Src/main.c **** 
 368              		.loc 1 102 5 view .LVU94
 111:Core/Src/main.c ****         HAL_OK) {
 369              		.loc 1 111 5 view .LVU95
 111:Core/Src/main.c ****         HAL_OK) {
 370              		.loc 1 111 9 is_stmt 0 view .LVU96
 371 0064 4FF0FF33 		mov	r3, #-1
 372 0068 0122     		movs	r2, #1
 373 006a 6946     		mov	r1, sp
 374 006c 0948     		ldr	r0, .L24+4
 375 006e FFF7FEFF 		bl	HAL_UART_Receive
 376              	.LVL18:
 111:Core/Src/main.c ****         HAL_OK) {
 377              		.loc 1 111 8 discriminator 1 view .LVU97
 378 0072 0546     		mov	r5, r0
 379 0074 0028     		cmp	r0, #0
 380 0076 F5D1     		bne	.L22
 113:Core/Src/main.c ****         receivedMessage[rx_index] = messageByte[0];
 381              		.loc 1 113 7 is_stmt 1 view .LVU98
 113:Core/Src/main.c ****         receivedMessage[rx_index] = messageByte[0];
 382              		.loc 1 113 10 is_stmt 0 view .LVU99
 383 0078 082C     		cmp	r4, #8
 384 007a D5D8     		bhi	.L21
 114:Core/Src/main.c ****         rx_index++;
 385              		.loc 1 114 9 is_stmt 1 view .LVU100
 114:Core/Src/main.c ****         rx_index++;
 386              		.loc 1 114 48 is_stmt 0 view .LVU101
 387 007c 9DF80020 		ldrb	r2, [sp]	@ zero_extendqisi2
 114:Core/Src/main.c ****         rx_index++;
 388              		.loc 1 114 35 view .LVU102
 389 0080 04F12003 		add	r3, r4, #32
 390 0084 6B44     		add	r3, sp, r3
 391 0086 03F81C2C 		strb	r2, [r3, #-28]
 115:Core/Src/main.c ****       } else {
 392              		.loc 1 115 9 is_stmt 1 view .LVU103
 115:Core/Src/main.c ****       } else {
 393              		.loc 1 115 17 is_stmt 0 view .LVU104
 394 008a 0134     		adds	r4, r4, #1
 395              	.LVL19:
 115:Core/Src/main.c ****       } else {
 396              		.loc 1 115 17 view .LVU105
 397 008c E4B2     		uxtb	r4, r4
 398              	.LVL20:
 115:Core/Src/main.c ****       } else {
 399              		.loc 1 115 17 view .LVU106
 400 008e E9E7     		b	.L22
 401              	.L25:
 402              		.align	2
ARM GAS  /tmp/ccVYr70B.s 			page 16


 403              	.L24:
 404 0090 00000000 		.word	.LC0
 405 0094 00000000 		.word	huart1
 406              	.LBE9:
 407              		.cfi_endproc
 408              	.LFE65:
 410              		.global	huart1
 411              		.section	.bss.huart1,"aw",%nobits
 412              		.align	2
 415              	huart1:
 416 0000 00000000 		.space	72
 416      00000000 
 416      00000000 
 416      00000000 
 416      00000000 
 417              		.text
 418              	.Letext0:
 419              		.file 3 "/usr/lib/gcc/arm-none-eabi/13.2.1/include/stdint.h"
 420              		.file 4 "Drivers/CMSIS/Device/ST/STM32F1xx/Include/stm32f100xb.h"
 421              		.file 5 "Drivers/STM32F1xx_HAL_Driver/Inc/stm32f1xx_hal_def.h"
 422              		.file 6 "Drivers/STM32F1xx_HAL_Driver/Inc/stm32f1xx_hal_rcc.h"
 423              		.file 7 "Drivers/STM32F1xx_HAL_Driver/Inc/stm32f1xx_hal_rcc_ex.h"
 424              		.file 8 "Drivers/STM32F1xx_HAL_Driver/Inc/stm32f1xx_hal_dma.h"
 425              		.file 9 "Drivers/STM32F1xx_HAL_Driver/Inc/stm32f1xx_hal_uart.h"
 426              		.file 10 "<built-in>"
 427              		.file 11 "Drivers/STM32F1xx_HAL_Driver/Inc/stm32f1xx_hal.h"
ARM GAS  /tmp/ccVYr70B.s 			page 17


DEFINED SYMBOLS
                            *ABS*:00000000 main.c
     /tmp/ccVYr70B.s:19     .text.MX_GPIO_Init:00000000 $t
     /tmp/ccVYr70B.s:24     .text.MX_GPIO_Init:00000000 MX_GPIO_Init
     /tmp/ccVYr70B.s:59     .text.MX_GPIO_Init:0000001c $d
     /tmp/ccVYr70B.s:64     .text.Error_Handler:00000000 $t
     /tmp/ccVYr70B.s:70     .text.Error_Handler:00000000 Error_Handler
     /tmp/ccVYr70B.s:102    .text.MX_USART1_UART_Init:00000000 $t
     /tmp/ccVYr70B.s:107    .text.MX_USART1_UART_Init:00000000 MX_USART1_UART_Init
     /tmp/ccVYr70B.s:162    .text.MX_USART1_UART_Init:0000002c $d
     /tmp/ccVYr70B.s:415    .bss.huart1:00000000 huart1
     /tmp/ccVYr70B.s:168    .text.SystemClock_Config:00000000 $t
     /tmp/ccVYr70B.s:174    .text.SystemClock_Config:00000000 SystemClock_Config
     /tmp/ccVYr70B.s:267    .rodata.main.str1.4:00000000 $d
     /tmp/ccVYr70B.s:271    .text.main:00000000 $t
     /tmp/ccVYr70B.s:277    .text.main:00000000 main
     /tmp/ccVYr70B.s:404    .text.main:00000090 $d
     /tmp/ccVYr70B.s:412    .bss.huart1:00000000 $d

UNDEFINED SYMBOLS
HAL_UART_Init
memset
HAL_RCC_OscConfig
HAL_RCC_ClockConfig
HAL_Init
strlen
HAL_UART_Transmit
HAL_UART_Receive
